<?xml version="1.0" encoding="UTF-8" ?>
<testsuite name="sqlServerDriver  setup dataBase" errors="0" tests="1" failures="1" time="0.924" timestamp="2021-10-15T13:25:38">
  <testcase classname="sqlServerDriver  setup dataBase" name="should run the setup script" time="0.917"><failure type="expect" message="Expected { Errors : [ { Source : &amp;apos;.Net SqlClient Data Provider&amp;apos;, Number : 242, State : &amp;apos;3&amp;apos;, Class : &amp;apos;16&amp;apos;, Server : &amp;apos;192.168.11.14&amp;apos;, Message : &amp;apos;The conversion of a varchar data type to a datetime data type resulted in an out-of-range value.&amp;apos;, Procedure : &amp;apos;ctemp&amp;apos;, LineNumber : 6 }, { Source : &amp;apos;.Net SqlClient Data Provider&amp;apos;, Number : 242, State : &amp;apos;3&amp;apos;, Class : &amp;apos;16&amp;apos;, Server : &amp;apos;192.168.11.14&amp;apos;, Message : &amp;apos;The conversion of a varchar data type to a datetime data type resulted in an out-of-range value.&amp;apos;, Procedure : &amp;apos;ctemp&amp;apos;, LineNumber : 6 }, { Source : &amp;apos;.Net SqlClient Data Provider&amp;apos;, Number : 242, State : &amp;apos;3&amp;apos;, Class : &amp;apos;16&amp;apos;, Server : &amp;apos;192.168.11.14&amp;apos;, Message : &amp;apos;The conversion of a varchar data type to a datetime data type resulted in an out-of-range value.&amp;apos;, Procedure : &amp;apos;ctemp&amp;apos;, LineNumber : 6 }, { Source : &amp;apos;.Net SqlClient Data Provider&amp;apos;, Number : 242, State : &amp;apos;3&amp;apos;, Class : &amp;apos;16&amp;apos;, Server : &amp;apos;192.168.11.14&amp;apos;, Message : &amp;apos;The conversion of a varchar data type to a datetime data type resulted in an out-of-range value.&amp;apos;, Procedure : &amp;apos;ctemp&amp;apos;, LineNumber : 6 }, { Source : &amp;apos;.Net SqlClient Data Provider&amp;apos;, Number : 242, State : &amp;apos;3&amp;apos;, Class : &amp;apos;16&amp;apos;, Server : &amp;apos;192.168.11.14&amp;apos;, Message : &amp;apos;The conversion of a varchar data type to a datetime data type resulted in an out-of-range value.&amp;apos;, Procedure : &amp;apos;ctemp&amp;apos;, LineNumber : 6 }, { Source : &amp;apos;.Net SqlClient Data Provider&amp;apos;, Number : 242, State : &amp;apos;3&amp;apos;, Class : &amp;apos;16&amp;apos;, Server : &amp;apos;192.168.11.14&amp;apos;, Message : &amp;apos;The conversion of a varchar data type to a datetime data type resulted in an out-of-range value.&amp;apos;, Procedure : &amp;apos;ctemp&amp;apos;, LineNumber : 6 }, { Source : &amp;apos;.Net SqlClient Data Provider&amp;apos;, Number : 242, State : &amp;apos;3&amp;apos;, Class : &amp;apos;16&amp;apos;, Server : &amp;apos;192.168.11.14&amp;apos;, Message : &amp;apos;The conversion of a varchar data type to a datetime data type resulted in an out-of-range value.&amp;apos;, Procedure : &amp;apos;ctemp&amp;apos;, LineNumber : 6 }, { Source : &amp;apos;.Net SqlClient Data Provider&amp;apos;, Number : 242, State : &amp;apos;3&amp;apos;, Class : &amp;apos;16&amp;apos;, Server : &amp;apos;192.168.11.14&amp;apos;, Message : &amp;apos;The conversion of a varchar data type to a datetime data type resulted in an out-of-range value.&amp;apos;, Procedure : &amp;apos;ctemp&amp;apos;, LineNumber : 6 }, { Source : &amp;apos;.Net SqlClient Data Provider&amp;apos;, Number : 242, State : &amp;apos;3&amp;apos;, Class : &amp;apos;16&amp;apos;, Server : &amp;apos;192.168.11.14&amp;apos;, Message : &amp;apos;The conversion of a varchar data type to a datetime data type resulted in an out-of-range value.&amp;apos;, Procedure : &amp;apos;ctemp&amp;apos;, LineNumber : 6 }, { Source : &amp;apos;.Net SqlClient Data Provider&amp;apos;, Number : 242, State : &amp;apos;3&amp;apos;, Class : &amp;apos;16&amp;apos;, Server : &amp;apos;192.168.11.14&amp;apos;, Message : &amp;apos;The conversion of a varchar data type to a datetime data type resulted in an out-of-range value.&amp;apos;, Procedure : &amp;apos;ctemp&amp;apos;, LineNumber : 6 }, { Source : &amp;apos;.Net SqlClient Data Provider&amp;apos;, Number : 242, State : &amp;apos;3&amp;apos;, Class : &amp;apos;16&amp;apos;, Server : &amp;apos;192.168.11.14&amp;apos;, Message : &amp;apos;The conversion of a varchar data type to a datetime data type resulted in an out-of-range value.&amp;apos;, Procedure : &amp;apos;ctemp&amp;apos;, LineNumber : 6 }, { Source : &amp;apos;.Net SqlClient Data Provider&amp;apos;, Number : 242, State : &amp;apos;3&amp;apos;, Class : &amp;apos;16&amp;apos;, Server : &amp;apos;192.168.11.14&amp;apos;, Message : &amp;apos;The conversion of a varchar data type to a datetime data type resulted in an out-of-range value.&amp;apos;, Procedure : &amp;apos;ctemp&amp;apos;, LineNumber : 6 }, { Source : &amp;apos;.Net SqlClient Data Provider&amp;apos;, Number : 242, State : &amp;apos;3&amp;apos;, Class : &amp;apos;16&amp;apos;, Server : &amp;apos;192.168.11.14&amp;apos;, Message : &amp;apos;The conversion of a varchar data type to a datetime data type resulted in an out-of-range value.&amp;apos;, Procedure : &amp;apos;ctemp&amp;apos;, LineNumber : 6 }, { Source : &amp;apos;.Net SqlClient Data Provider&amp;apos;, Number : 242, State : &amp;apos;3&amp;apos;, Class : &amp;apos;16&amp;apos;, Server : &amp;apos;192.168.11.14&amp;apos;, Message : &amp;apos;The conversion of a varchar data type to a datetime data type resulted in an out-of-range value.&amp;apos;, Procedure : &amp;apos;ctemp&amp;apos;, LineNumber : 6 }, { Source : &amp;apos;.Net SqlClient Data Provider&amp;apos;, Number : 242, State : &amp;apos;3&amp;apos;, Class : &amp;apos;16&amp;apos;, Server : &amp;apos;192.168.11.14&amp;apos;, Message : &amp;apos;The conversion of a varchar data type to a datetime data type resulted in an out-of-range value.&amp;apos;, Procedure : &amp;apos;ctemp&amp;apos;, LineNumber : 6 }, { Source : &amp;apos;.Net SqlClient Data Provider&amp;apos;, Number : 242, State : &amp;apos;3&amp;apos;, Class : &amp;apos;16&amp;apos;, Server : &amp;apos;192.168.11.14&amp;apos;, Message : &amp;apos;The conversion of a varchar data type to a datetime data type resulted in an out-of-range value.&amp;apos;, Procedure : &amp;apos;ctemp&amp;apos;, LineNumber : 6 }, { Source : &amp;apos;.Net SqlClient Data Provider&amp;apos;, Number : 242, State : &amp;apos;3&amp;apos;, Class : &amp;apos;16&amp;apos;, Server : &amp;apos;192.168.11.14&amp;apos;, Message : &amp;apos;The conversion of a varchar data type to a datetime data type resulted in an out-of-range value.&amp;apos;, Procedure : &amp;apos;ctemp&amp;apos;, LineNumber : 6 }, { Source : &amp;apos;.Net SqlClient Data Provider&amp;apos;, Number : 242, State : &amp;apos;3&amp;apos;, Class : &amp;apos;16&amp;apos;, Server : &amp;apos;192.168.11.14&amp;apos;, Message : &amp;apos;The conversion of a varchar data type to a datetime data type resulted in an out-of-range value.&amp;apos;, Procedure : &amp;apos;ctemp&amp;apos;, LineNumber : 6 }, { Source : &amp;apos;.Net SqlClient Data Provider&amp;apos;, Number : 242, State : &amp;apos;3&amp;apos;, Class : &amp;apos;16&amp;apos;, Server : &amp;apos;192.168.11.14&amp;apos;, Message : &amp;apos;The conversion of a varchar data type to a datetime data type resulted in an out-of-range value.&amp;apos;, Procedure : &amp;apos;ctemp&amp;apos;, LineNumber : 6 }, { Source : &amp;apos;.Net SqlClient Data Provider&amp;apos;, Number : 242, State : &amp;apos;3&amp;apos;, Class : &amp;apos;16&amp;apos;, Server : &amp;apos;192.168.11.14&amp;apos;, Message : &amp;apos;The conversion of a varchar data type to a datetime data type resulted in an out-of-range value.&amp;apos;, Procedure : &amp;apos;ctemp&amp;apos;, LineNumber : 6 }, { Source : &amp;apos;.Net SqlClient Data Provider&amp;apos;, Number : 242, State : &amp;apos;3&amp;apos;, Class : &amp;apos;16&amp;apos;, Server : &amp;apos;192.168.11.14&amp;apos;, Message : &amp;apos;The conversion of a varchar data type to a datetime data type resulted in an out-of-range value.&amp;apos;, Procedure : &amp;apos;ctemp&amp;apos;, LineNumber : 6 }, { Source : &amp;apos;.Net SqlClient Data Provider&amp;apos;, Number : 242, State : &amp;apos;3&amp;apos;, Class : &amp;apos;16&amp;apos;, Server : &amp;apos;192.168.11.14&amp;apos;, Message : &amp;apos;The conversion of a varchar data type to a datetime data type resulted in an out-of-range value.&amp;apos;, Procedure : &amp;apos;ctemp&amp;apos;, LineNumber : 6 }, { Source : &amp;apos;.Net SqlClient Data Provider&amp;apos;, Number : 242, State : &amp;apos;3&amp;apos;, Class : &amp;apos;16&amp;apos;, Server : &amp;apos;192.168.11.14&amp;apos;, Message : &amp;apos;The conversion of a varchar data type to a datetime data type resulted in an out-of-range value.&amp;apos;, Procedure : &amp;apos;ctemp&amp;apos;, LineNumber : 6 }, { Source : &amp;apos;.Net SqlClient Data Provider&amp;apos;, Number : 242, State : &amp;apos;3&amp;apos;, Class : &amp;apos;16&amp;apos;, Server : &amp;apos;192.168.11.14&amp;apos;, Message : &amp;apos;The conversion of a varchar data type to a datetime data type resulted in an out-of-range value.&amp;apos;, Procedure : &amp;apos;ctemp&amp;apos;, LineNumber : 6 }, { Source : &amp;apos;.Net SqlClient Data Provider&amp;apos;, Number : 242, State : &amp;apos;3&amp;apos;, Class : &amp;apos;16&amp;apos;, Server : &amp;apos;192.168.11.14&amp;apos;, Message : &amp;apos;The conversion of a varchar data type to a datetime data type resulted in an out-of-range value.&amp;apos;, Procedure : &amp;apos;ctemp&amp;apos;, LineNumber : 6 }, { Source : &amp;apos;.Net SqlClient Data Provider&amp;apos;, Number : 242, State : &amp;apos;3&amp;apos;, Class : &amp;apos;16&amp;apos;, Server : &amp;apos;192.168.11.14&amp;apos;, Message : &amp;apos;The conversion of a varchar data type to a datetime data type resulted in an out-of-range value.&amp;apos;, Procedure : &amp;apos;ctemp&amp;apos;, LineNumber : 6 }, { Source : &amp;apos;.Net SqlClient Data Provider&amp;apos;, Number : 242, State : &amp;apos;3&amp;apos;, Class : &amp;apos;16&amp;apos;, Server : &amp;apos;192.168.11.14&amp;apos;, Message : &amp;apos;The conversion of a varchar data type to a datetime data type resulted in an out-of-range value.&amp;apos;, Procedure : &amp;apos;ctemp&amp;apos;, LineNumber : 6 }, { Source : &amp;apos;.Net SqlClient Data Provider&amp;apos;, Number : 242, State : &amp;apos;3&amp;apos;, Class : &amp;apos;16&amp;apos;, Server : &amp;apos;192.168.11.14&amp;apos;, Message : &amp;apos;The conversion of a varchar data type to a datetime data type resulted in an out-of-range value.&amp;apos;, Procedure : &amp;apos;ctemp&amp;apos;, LineNumber : 6 }, { Source : &amp;apos;.Net SqlClient Data Provider&amp;apos;, Number : 242, State : &amp;apos;3&amp;apos;, Class : &amp;apos;16&amp;apos;, Server : &amp;apos;192.168.11.14&amp;apos;, Message : &amp;apos;The conversion of a varchar data type to a datetime data type resulted in an out-of-range value.&amp;apos;, Procedure : &amp;apos;ctemp&amp;apos;, LineNumber : 6 }, { Source : &amp;apos;.Net SqlClient Data Provider&amp;apos;, Number : 242, State : &amp;apos;3&amp;apos;, Class : &amp;apos;16&amp;apos;, Server : &amp;apos;192.168.11.14&amp;apos;, Message : &amp;apos;The conversion of a varchar data type to a datetime data type resulted in an out-of-range value.&amp;apos;, Procedure : &amp;apos;ctemp&amp;apos;, LineNumber : 6 }, { Source : &amp;apos;.Net SqlClient Data Provider&amp;apos;, Number : 242, State : &amp;apos;3&amp;apos;, Class : &amp;apos;16&amp;apos;, Server : &amp;apos;192.168.11.14&amp;apos;, Message : &amp;apos;The conversion of a varchar data type to a datetime data type resulted in an out-of-range value.&amp;apos;, Procedure : &amp;apos;ctemp&amp;apos;, LineNumber : 6 }, { Source : &amp;apos;.Net SqlClient Data Provider&amp;apos;, Number : 242, State : &amp;apos;3&amp;apos;, Class : &amp;apos;16&amp;apos;, Server : &amp;apos;192.168.11.14&amp;apos;, Message : &amp;apos;The conversion of a varchar data type to a datetime data type resulted in an out-of-range value.&amp;apos;, Procedure : &amp;apos;ctemp&amp;apos;, LineNumber : 6 }, { Source : &amp;apos;.Net SqlClient Data Provider&amp;apos;, Number : 242, State : &amp;apos;3&amp;apos;, Class : &amp;apos;16&amp;apos;, Server : &amp;apos;192.168.11.14&amp;apos;, Message : &amp;apos;The conversion of a varchar data type to a datetime data type resulted in an out-of-range value.&amp;apos;, Procedure : &amp;apos;ctemp&amp;apos;, LineNumber : 6 }, { Source : &amp;apos;.Net SqlClient Data Provider&amp;apos;, Number : 242, State : &amp;apos;3&amp;apos;, Class : &amp;apos;16&amp;apos;, Server : &amp;apos;192.168.11.14&amp;apos;, Message : &amp;apos;The conversion of a varchar data type to a datetime data type resulted in an out-of-range value.&amp;apos;, Procedure : &amp;apos;ctemp&amp;apos;, LineNumber : 6 }, { Source : &amp;apos;.Net SqlClient Data Provider&amp;apos;, Number : 242, State : &amp;apos;3&amp;apos;, Class : &amp;apos;16&amp;apos;, Server : &amp;apos;192.168.11.14&amp;apos;, Message : &amp;apos;The conversion of a varchar data type to a datetime data type resulted in an out-of-range value.&amp;apos;, Procedure : &amp;apos;ctemp&amp;apos;, LineNumber : 6 }, { Source : &amp;apos;.Net SqlClient Data Provider&amp;apos;, Number : 242, State : &amp;apos;3&amp;apos;, Class : &amp;apos;16&amp;apos;, Server : &amp;apos;192.168.11.14&amp;apos;, Message : &amp;apos;The conversion of a varchar data type to a datetime data type resulted in an out-of-range value.&amp;apos;, Procedure : &amp;apos;ctemp&amp;apos;, LineNumber : 6 }, { Source : &amp;apos;.Net SqlClient Data Provider&amp;apos;, Number : 242, State : &amp;apos;3&amp;apos;, Class : &amp;apos;16&amp;apos;, Server : &amp;apos;192.168.11.14&amp;apos;, Message : &amp;apos;The conversion of a varchar data type to a datetime data type resulted in an out-of-range value.&amp;apos;, Procedure : &amp;apos;ctemp&amp;apos;, LineNumber : 6 }, { Source : &amp;apos;.Net SqlClient Data Provider&amp;apos;, Number : 242, State : &amp;apos;3&amp;apos;, Class : &amp;apos;16&amp;apos;, Server : &amp;apos;192.168.11.14&amp;apos;, Message : &amp;apos;The conversion of a varchar data type to a datetime data type resulted in an out-of-range value.&amp;apos;, Procedure : &amp;apos;ctemp&amp;apos;, LineNumber : 6 }, { Source : &amp;apos;.Net SqlClient Data Provider&amp;apos;, Number : 242, State : &amp;apos;3&amp;apos;, Class : &amp;apos;16&amp;apos;, Server : &amp;apos;192.168.11.14&amp;apos;, Message : &amp;apos;The conversion of a varchar data type to a datetime data type resulted in an out-of-range value.&amp;apos;, Procedure : &amp;apos;ctemp&amp;apos;, LineNumber : 6 }, { Source : &amp;apos;.Net SqlClient Data Provider&amp;apos;, Number : 242, State : &amp;apos;3&amp;apos;, Class : &amp;apos;16&amp;apos;, Server : &amp;apos;192.168.11.14&amp;apos;, Message : &amp;apos;The conversion of a varchar data type to a datetime data type resulted in an out-of-range value.&amp;apos;, Procedure : &amp;apos;ctemp&amp;apos;, LineNumber : 6 }, { Source : &amp;apos;.Net SqlClient Data Provider&amp;apos;, Number : 242, State : &amp;apos;3&amp;apos;, Class : &amp;apos;16&amp;apos;, Server : &amp;apos;192.168.11.14&amp;apos;, Message : &amp;apos;The conversion of a varchar data type to a datetime data type resulted in an out-of-range value.&amp;apos;, Procedure : &amp;apos;ctemp&amp;apos;, LineNumber : 6 }, { Source : &amp;apos;.Net SqlClient Data Provider&amp;apos;, Number : 242, State : &amp;apos;3&amp;apos;, Class : &amp;apos;16&amp;apos;, Server : &amp;apos;192.168.11.14&amp;apos;, Message : &amp;apos;The conversion of a varchar data type to a datetime data type resulted in an out-of-range value.&amp;apos;, Procedure : &amp;apos;ctemp&amp;apos;, LineNumber : 6 }, { Source : &amp;apos;.Net SqlClient Data Provider&amp;apos;, Number : 242, State : &amp;apos;3&amp;apos;, Class : &amp;apos;16&amp;apos;, Server : &amp;apos;192.168.11.14&amp;apos;, Message : &amp;apos;The conversion of a varchar data type to a datetime data type resulted in an out-of-range value.&amp;apos;, Procedure : &amp;apos;ctemp&amp;apos;, LineNumber : 6 }, { Source : &amp;apos;.Net SqlClient Data Provider&amp;apos;, Number : 242, State : &amp;apos;3&amp;apos;, Class : &amp;apos;16&amp;apos;, Server : &amp;apos;192.168.11.14&amp;apos;, Message : &amp;apos;The conversion of a varchar data type to a datetime data type resulted in an out-of-range value.&amp;apos;, Procedure : &amp;apos;ctemp&amp;apos;, LineNumber : 6 }, { Source : &amp;apos;.Net SqlClient Data Provider&amp;apos;, Number : 242, State : &amp;apos;3&amp;apos;, Class : &amp;apos;16&amp;apos;, Server : &amp;apos;192.168.11.14&amp;apos;, Message : &amp;apos;The conversion of a varchar data type to a datetime data type resulted in an out-of-range value.&amp;apos;, Procedure : &amp;apos;ctemp&amp;apos;, LineNumber : 6 }, { Source : &amp;apos;.Net SqlClient Data Provider&amp;apos;, Number : 242, State : &amp;apos;3&amp;apos;, Class : &amp;apos;16&amp;apos;, Server : &amp;apos;192.168.11.14&amp;apos;, Message : &amp;apos;The conversion of a varchar data type to a datetime data type resulted in an out-of-range value.&amp;apos;, Procedure : &amp;apos;ctemp&amp;apos;, LineNumber : 6 }, { Source : &amp;apos;.Net SqlClient Data Provider&amp;apos;, Number : 242, State : &amp;apos;3&amp;apos;, Class : &amp;apos;16&amp;apos;, Server : &amp;apos;192.168.11.14&amp;apos;, Message : &amp;apos;The conversion of a varchar data type to a datetime data type resulted in an out-of-range value.&amp;apos;, Procedure : &amp;apos;ctemp&amp;apos;, LineNumber : 6 }, { Source : &amp;apos;.Net SqlClient Data Provider&amp;apos;, Number : 242, State : &amp;apos;3&amp;apos;, Class : &amp;apos;16&amp;apos;, Server : &amp;apos;192.168.11.14&amp;apos;, Message : &amp;apos;The conversion of a varchar data type to a datetime data type resulted in an out-of-range value.&amp;apos;, Procedure : &amp;apos;ctemp&amp;apos;, LineNumber : 6 }, { Source : &amp;apos;.Net SqlClient Data Provider&amp;apos;, Number : 242, State : &amp;apos;3&amp;apos;, Class : &amp;apos;16&amp;apos;, Server : &amp;apos;192.168.11.14&amp;apos;, Message : &amp;apos;The conversion of a varchar data type to a datetime data type resulted in an out-of-range value.&amp;apos;, Procedure : &amp;apos;ctemp&amp;apos;, LineNumber : 6 }, { Source : &amp;apos;.Net SqlClient Data Provider&amp;apos;, Number : 242, State : &amp;apos;3&amp;apos;, Class : &amp;apos;16&amp;apos;, Server : &amp;apos;192.168.11.14&amp;apos;, Message : &amp;apos;The conversion of a varchar data type to a datetime data type resulted in an out-of-range value.&amp;apos;, Procedure : &amp;apos;ctemp&amp;apos;, LineNumber : 6 }, { Source : &amp;apos;.Net SqlClient Data Provider&amp;apos;, Number : 242, State : &amp;apos;3&amp;apos;, Class : &amp;apos;16&amp;apos;, Server : &amp;apos;192.168.11.14&amp;apos;, Message : &amp;apos;The conversion of a varchar data type to a datetime data type resulted in an out-of-range value.&amp;apos;, Procedure : &amp;apos;ctemp&amp;apos;, LineNumber : 6 }, { Source : &amp;apos;.Net SqlClient Data Provider&amp;apos;, Number : 242, State : &amp;apos;3&amp;apos;, Class : &amp;apos;16&amp;apos;, Server : &amp;apos;192.168.11.14&amp;apos;, Message : &amp;apos;The conversion of a varchar data type to a datetime data type resulted in an out-of-range value.&amp;apos;, Procedure : &amp;apos;ctemp&amp;apos;, LineNumber : 6 }, { Source : &amp;apos;.Net SqlClient Data Provider&amp;apos;, Number : 242, State : &amp;apos;3&amp;apos;, Class : &amp;apos;16&amp;apos;, Server : &amp;apos;192.168.11.14&amp;apos;, Message : &amp;apos;The conversion of a varchar data type to a datetime data type resulted in an out-of-range value.&amp;apos;, Procedure : &amp;apos;ctemp&amp;apos;, LineNumber : 6 }, { Source : &amp;apos;.Net SqlClient Data Provider&amp;apos;, Number : 242, State : &amp;apos;3&amp;apos;, Class : &amp;apos;16&amp;apos;, Server : &amp;apos;192.168.11.14&amp;apos;, Message : &amp;apos;The conversion of a varchar data type to a datetime data type resulted in an out-of-range value.&amp;apos;, Procedure : &amp;apos;ctemp&amp;apos;, LineNumber : 6 }, { Source : &amp;apos;.Net SqlClient Data Provider&amp;apos;, Number : 242, State : &amp;apos;3&amp;apos;, Class : &amp;apos;16&amp;apos;, Server : &amp;apos;192.168.11.14&amp;apos;, Message : &amp;apos;The conversion of a varchar data type to a datetime data type resulted in an out-of-range value.&amp;apos;, Procedure : &amp;apos;ctemp&amp;apos;, LineNumber : 6 }, { Source : &amp;apos;.Net SqlClient Data Provider&amp;apos;, Number : 242, State : &amp;apos;3&amp;apos;, Class : &amp;apos;16&amp;apos;, Server : &amp;apos;192.168.11.14&amp;apos;, Message : &amp;apos;The conversion of a varchar data type to a datetime data type resulted in an out-of-range value.&amp;apos;, Procedure : &amp;apos;ctemp&amp;apos;, LineNumber : 6 }, { Source : &amp;apos;.Net SqlClient Data Provider&amp;apos;, Number : 242, State : &amp;apos;3&amp;apos;, Class : &amp;apos;16&amp;apos;, Server : &amp;apos;192.168.11.14&amp;apos;, Message : &amp;apos;The conversion of a varchar data type to a datetime data type resulted in an out-of-range value.&amp;apos;, Procedure : &amp;apos;ctemp&amp;apos;, LineNumber : 6 }, { Source : &amp;apos;.Net SqlClient Data Provider&amp;apos;, Number : 242, State : &amp;apos;3&amp;apos;, Class : &amp;apos;16&amp;apos;, Server : &amp;apos;192.168.11.14&amp;apos;, Message : &amp;apos;The conversion of a varchar data type to a datetime data type resulted in an out-of-range value.&amp;apos;, Procedure : &amp;apos;ctemp&amp;apos;, LineNumber : 6 }, { Source : &amp;apos;.Net SqlClient Data Provider&amp;apos;, Number : 242, State : &amp;apos;3&amp;apos;, Class : &amp;apos;16&amp;apos;, Server : &amp;apos;192.168.11.14&amp;apos;, Message : &amp;apos;The conversion of a varchar data type to a datetime data type resulted in an out-of-range value.&amp;apos;, Procedure : &amp;apos;ctemp&amp;apos;, LineNumber : 6 }, { Source : &amp;apos;.Net SqlClient Data Provider&amp;apos;, Number : 242, State : &amp;apos;3&amp;apos;, Class : &amp;apos;16&amp;apos;, Server : &amp;apos;192.168.11.14&amp;apos;, Message : &amp;apos;The conversion of a varchar data type to a datetime data type resulted in an out-of-range value.&amp;apos;, Procedure : &amp;apos;ctemp&amp;apos;, LineNumber : 6 }, { Source : &amp;apos;.Net SqlClient Data Provider&amp;apos;, Number : 242, State : &amp;apos;3&amp;apos;, Class : &amp;apos;16&amp;apos;, Server : &amp;apos;192.168.11.14&amp;apos;, Message : &amp;apos;The conversion of a varchar data type to a datetime data type resulted in an out-of-range value.&amp;apos;, Procedure : &amp;apos;ctemp&amp;apos;, LineNumber : 6 }, { Source : &amp;apos;.Net SqlClient Data Provider&amp;apos;, Number : 242, State : &amp;apos;3&amp;apos;, Class : &amp;apos;16&amp;apos;, Server : &amp;apos;192.168.11.14&amp;apos;, Message : &amp;apos;The conversion of a varchar data type to a datetime data type resulted in an out-of-range value.&amp;apos;, Procedure : &amp;apos;ctemp&amp;apos;, LineNumber : 6 }, { Source : &amp;apos;.Net SqlClient Data Provider&amp;apos;, Number : 242, State : &amp;apos;3&amp;apos;, Class : &amp;apos;16&amp;apos;, Server : &amp;apos;192.168.11.14&amp;apos;, Message : &amp;apos;The conversion of a varchar data type to a datetime data type resulted in an out-of-range value.&amp;apos;, Procedure : &amp;apos;ctemp&amp;apos;, LineNumber : 6 }, { Source : &amp;apos;.Net SqlClient Data Provider&amp;apos;, Number : 242, State : &amp;apos;3&amp;apos;, Class : &amp;apos;16&amp;apos;, Server : &amp;apos;192.168.11.14&amp;apos;, Message : &amp;apos;The conversion of a varchar data type to a datetime data type resulted in an out-of-range value.&amp;apos;, Procedure : &amp;apos;ctemp&amp;apos;, LineNumber : 6 }, { Source : &amp;apos;.Net SqlClient Data Provider&amp;apos;, Number : 242, State : &amp;apos;3&amp;apos;, Class : &amp;apos;16&amp;apos;, Server : &amp;apos;192.168.11.14&amp;apos;, Message : &amp;apos;The conversion of a varchar data type to a datetime data type resulted in an out-of-range value.&amp;apos;, Procedure : &amp;apos;ctemp&amp;apos;, LineNumber : 6 }, { Source : &amp;apos;.Net SqlClient Data Provider&amp;apos;, Number : 242, State : &amp;apos;3&amp;apos;, Class : &amp;apos;16&amp;apos;, Server : &amp;apos;192.168.11.14&amp;apos;, Message : &amp;apos;The conversion of a varchar data type to a datetime data type resulted in an out-of-range value.&amp;apos;, Procedure : &amp;apos;ctemp&amp;apos;, LineNumber : 6 }, { Source : &amp;apos;.Net SqlClient Data Provider&amp;apos;, Number : 242, State : &amp;apos;3&amp;apos;, Class : &amp;apos;16&amp;apos;, Server : &amp;apos;192.168.11.14&amp;apos;, Message : &amp;apos;The conversion of a varchar data type to a datetime data type resulted in an out-of-range value.&amp;apos;, Procedure : &amp;apos;ctemp&amp;apos;, LineNumber : 6 }, { Source : &amp;apos;.Net SqlClient Data Provider&amp;apos;, Number : 242, State : &amp;apos;3&amp;apos;, Class : &amp;apos;16&amp;apos;, Server : &amp;apos;192.168.11.14&amp;apos;, Message : &amp;apos;The conversion of a varchar data type to a datetime data type resulted in an out-of-range value.&amp;apos;, Procedure : &amp;apos;ctemp&amp;apos;, LineNumber : 6 }, { Source : &amp;apos;.Net SqlClient Data Provider&amp;apos;, Number : 242, State : &amp;apos;3&amp;apos;, Class : &amp;apos;16&amp;apos;, Server : &amp;apos;192.168.11.14&amp;apos;, Message : &amp;apos;The conversion of a varchar data type to a datetime data type resulted in an out-of-range value.&amp;apos;, Procedure : &amp;apos;ctemp&amp;apos;, LineNumber : 6 }, { Source : &amp;apos;.Net SqlClient Data Provider&amp;apos;, Number : 242, State : &amp;apos;3&amp;apos;, Class : &amp;apos;16&amp;apos;, Server : &amp;apos;192.168.11.14&amp;apos;, Message : &amp;apos;The conversion of a varchar data type to a datetime data type resulted in an out-of-range value.&amp;apos;, Procedure : &amp;apos;ctemp&amp;apos;, LineNumber : 6 }, { Source : &amp;apos;.Net SqlClient Data Provider&amp;apos;, Number : 242, State : &amp;apos;3&amp;apos;, Class : &amp;apos;16&amp;apos;, Server : &amp;apos;192.168.11.14&amp;apos;, Message : &amp;apos;The conversion of a varchar data type to a datetime data type resulted in an out-of-range value.&amp;apos;, Procedure : &amp;apos;ctemp&amp;apos;, LineNumber : 6 }, { Source : &amp;apos;.Net SqlClient Data Provider&amp;apos;, Number : 242, State : &amp;apos;3&amp;apos;, Class : &amp;apos;16&amp;apos;, Server : &amp;apos;192.168.11.14&amp;apos;, Message : &amp;apos;The conversion of a varchar data type to a datetime data type resulted in an out-of-range value.&amp;apos;, Procedure : &amp;apos;ctemp&amp;apos;, LineNumber : 6 }, { Source : &amp;apos;.Net SqlClient Data Provider&amp;apos;, Number : 242, State : &amp;apos;3&amp;apos;, Class : &amp;apos;16&amp;apos;, Server : &amp;apos;192.168.11.14&amp;apos;, Message : &amp;apos;The conversion of a varchar data type to a datetime data type resulted in an out-of-range value.&amp;apos;, Procedure : &amp;apos;ctemp&amp;apos;, LineNumber : 6 }, { Source : &amp;apos;.Net SqlClient Data Provider&amp;apos;, Number : 242, State : &amp;apos;3&amp;apos;, Class : &amp;apos;16&amp;apos;, Server : &amp;apos;192.168.11.14&amp;apos;, Message : &amp;apos;The conversion of a varchar data type to a datetime data type resulted in an out-of-range value.&amp;apos;, Procedure : &amp;apos;ctemp&amp;apos;, LineNumber : 6 }, { Source : &amp;apos;.Net SqlClient Data Provider&amp;apos;, Number : 242, State : &amp;apos;3&amp;apos;, Class : &amp;apos;16&amp;apos;, Server : &amp;apos;192.168.11.14&amp;apos;, Message : &amp;apos;The conversion of a varchar data type to a datetime data type resulted in an out-of-range value.&amp;apos;, Procedure : &amp;apos;ctemp&amp;apos;, LineNumber : 6 }, { Source : &amp;apos;.Net SqlClient Data Provider&amp;apos;, Number : 242, State : &amp;apos;3&amp;apos;, Class : &amp;apos;16&amp;apos;, Server : &amp;apos;192.168.11.14&amp;apos;, Message : &amp;apos;The conversion of a varchar data type to a datetime data type resulted in an out-of-range value.&amp;apos;, Procedure : &amp;apos;ctemp&amp;apos;, LineNumber : 6 }, { Source : &amp;apos;.Net SqlClient Data Provider&amp;apos;, Number : 242, State : &amp;apos;3&amp;apos;, Class : &amp;apos;16&amp;apos;, Server : &amp;apos;192.168.11.14&amp;apos;, Message : &amp;apos;The conversion of a varchar data type to a datetime data type resulted in an out-of-range value.&amp;apos;, Procedure : &amp;apos;ctemp&amp;apos;, LineNumber : 6 }, { Source : &amp;apos;.Net SqlClient Data Provider&amp;apos;, Number : 242, State : &amp;apos;3&amp;apos;, Class : &amp;apos;16&amp;apos;, Server : &amp;apos;192.168.11.14&amp;apos;, Message : &amp;apos;The conversion of a varchar data type to a datetime data type resulted in an out-of-range value.&amp;apos;, Procedure : &amp;apos;ctemp&amp;apos;, LineNumber : 6 }, { Source : &amp;apos;.Net SqlClient Data Provider&amp;apos;, Number : 242, State : &amp;apos;3&amp;apos;, Class : &amp;apos;16&amp;apos;, Server : &amp;apos;192.168.11.14&amp;apos;, Message : &amp;apos;The conversion of a varchar data type to a datetime data type resulted in an out-of-range value.&amp;apos;, Procedure : &amp;apos;ctemp&amp;apos;, LineNumber : 6 }, { Source : &amp;apos;.Net SqlClient Data Provider&amp;apos;, Number : 242, State : &amp;apos;3&amp;apos;, Class : &amp;apos;16&amp;apos;, Server : &amp;apos;192.168.11.14&amp;apos;, Message : &amp;apos;The conversion of a varchar data type to a datetime data type resulted in an out-of-range value.&amp;apos;, Procedure : &amp;apos;ctemp&amp;apos;, LineNumber : 6 }, { Source : &amp;apos;.Net SqlClient Data Provider&amp;apos;, Number : 242, State : &amp;apos;3&amp;apos;, Class : &amp;apos;16&amp;apos;, Server : &amp;apos;192.168.11.14&amp;apos;, Message : &amp;apos;The conversion of a varchar data type to a datetime data type resulted in an out-of-range value.&amp;apos;, Procedure : &amp;apos;ctemp&amp;apos;, LineNumber : 6 }, { Source : &amp;apos;.Net SqlClient Data Provider&amp;apos;, Number : 242, State : &amp;apos;3&amp;apos;, Class : &amp;apos;16&amp;apos;, Server : &amp;apos;192.168.11.14&amp;apos;, Message : &amp;apos;The conversion of a varchar data type to a datetime data type resulted in an out-of-range value.&amp;apos;, Procedure : &amp;apos;ctemp&amp;apos;, LineNumber : 6 }, { Source : &amp;apos;.Net SqlClient Data Provider&amp;apos;, Number : 242, State : &amp;apos;3&amp;apos;, Class : &amp;apos;16&amp;apos;, Server : &amp;apos;192.168.11.14&amp;apos;, Message : &amp;apos;The conversion of a varchar data type to a datetime data type resulted in an out-of-range value.&amp;apos;, Procedure : &amp;apos;ctemp&amp;apos;, LineNumber : 6 }, { Source : &amp;apos;.Net SqlClient Data Provider&amp;apos;, Number : 242, State : &amp;apos;3&amp;apos;, Class : &amp;apos;16&amp;apos;, Server : &amp;apos;192.168.11.14&amp;apos;, Message : &amp;apos;The conversion of a varchar data type to a datetime data type resulted in an out-of-range value.&amp;apos;, Procedure : &amp;apos;ctemp&amp;apos;, LineNumber : 6 }, { Source : &amp;apos;.Net SqlClient Data Provider&amp;apos;, Number : 242, State : &amp;apos;3&amp;apos;, Class : &amp;apos;16&amp;apos;, Server : &amp;apos;192.168.11.14&amp;apos;, Message : &amp;apos;The conversion of a varchar data type to a datetime data type resulted in an out-of-range value.&amp;apos;, Procedure : &amp;apos;ctemp&amp;apos;, LineNumber : 6 }, { Source : &amp;apos;.Net SqlClient Data Provider&amp;apos;, Number : 242, State : &amp;apos;3&amp;apos;, Class : &amp;apos;16&amp;apos;, Server : &amp;apos;192.168.11.14&amp;apos;, Message : &amp;apos;The conversion of a varchar data type to a datetime data type resulted in an out-of-range value.&amp;apos;, Procedure : &amp;apos;ctemp&amp;apos;, LineNumber : 6 }, { Source : &amp;apos;.Net SqlClient Data Provider&amp;apos;, Number : 242, State : &amp;apos;3&amp;apos;, Class : &amp;apos;16&amp;apos;, Server : &amp;apos;192.168.11.14&amp;apos;, Message : &amp;apos;The conversion of a varchar data type to a datetime data type resulted in an out-of-range value.&amp;apos;, Procedure : &amp;apos;ctemp&amp;apos;, LineNumber : 6 }, { Source : &amp;apos;.Net SqlClient Data Provider&amp;apos;, Number : 242, State : &amp;apos;3&amp;apos;, Class : &amp;apos;16&amp;apos;, Server : &amp;apos;192.168.11.14&amp;apos;, Message : &amp;apos;The conversion of a varchar data type to a datetime data type resulted in an out-of-range value.&amp;apos;, Procedure : &amp;apos;ctemp&amp;apos;, LineNumber : 6 }, { Source : &amp;apos;.Net SqlClient Data Provider&amp;apos;, Number : 242, State : &amp;apos;3&amp;apos;, Class : &amp;apos;16&amp;apos;, Server : &amp;apos;192.168.11.14&amp;apos;, Message : &amp;apos;The conversion of a varchar data type to a datetime data type resulted in an out-of-range value.&amp;apos;, Procedure : &amp;apos;ctemp&amp;apos;, LineNumber : 6 }, { Source : &amp;apos;.Net SqlClient Data Provider&amp;apos;, Number : 242, State : &amp;apos;3&amp;apos;, Class : &amp;apos;16&amp;apos;, Server : &amp;apos;192.168.11.14&amp;apos;, Message : &amp;apos;The conversion of a varchar data type to a datetime data type resulted in an out-of-range value.&amp;apos;, Procedure : &amp;apos;ctemp&amp;apos;, LineNumber : 6 }, { Source : &amp;apos;.Net SqlClient Data Provider&amp;apos;, Number : 242, State : &amp;apos;3&amp;apos;, Class : &amp;apos;16&amp;apos;, Server : &amp;apos;192.168.11.14&amp;apos;, Message : &amp;apos;The conversion of a varchar data type to a datetime data type resulted in an out-of-range value.&amp;apos;, Procedure : &amp;apos;ctemp&amp;apos;, LineNumber : 6 }, { Source : &amp;apos;.Net SqlClient Data Provider&amp;apos;, Number : 242, State : &amp;apos;3&amp;apos;, Class : &amp;apos;16&amp;apos;, Server : &amp;apos;192.168.11.14&amp;apos;, Message : &amp;apos;The conversion of a varchar data type to a datetime data type resulted in an out-of-range value.&amp;apos;, Procedure : &amp;apos;ctemp&amp;apos;, LineNumber : 6 }, { Source : &amp;apos;.Net SqlClient Data Provider&amp;apos;, Number : 242, State : &amp;apos;3&amp;apos;, Class : &amp;apos;16&amp;apos;, Server : &amp;apos;192.168.11.14&amp;apos;, Message : &amp;apos;The conversion of a varchar data type to a datetime data type resulted in an out-of-range value.&amp;apos;, Procedure : &amp;apos;ctemp&amp;apos;, LineNumber : 6 }, { Source : &amp;apos;.Net SqlClient Data Provider&amp;apos;, Number : 242, State : &amp;apos;3&amp;apos;, Class : &amp;apos;16&amp;apos;, Server : &amp;apos;192.168.11.14&amp;apos;, Message : &amp;apos;The conversion of a varchar data type to a datetime data type resulted in an out-of-range value.&amp;apos;, Procedure : &amp;apos;ctemp&amp;apos;, LineNumber : 6 }, { Source : &amp;apos;.Net SqlClient Data Provider&amp;apos;, Number : 242, State : &amp;apos;3&amp;apos;, Class : &amp;apos;16&amp;apos;, Server : &amp;apos;192.168.11.14&amp;apos;, Message : &amp;apos;The conversion of a varchar data type to a datetime data type resulted in an out-of-range value.&amp;apos;, Procedure : &amp;apos;ctemp&amp;apos;, LineNumber : 6 }, { Source : &amp;apos;.Net SqlClient Data Provider&amp;apos;, Number : 242, State : &amp;apos;3&amp;apos;, Class : &amp;apos;16&amp;apos;, Server : &amp;apos;192.168.11.14&amp;apos;, Message : &amp;apos;The conversion of a varchar data type to a datetime data type resulted in an out-of-range value.&amp;apos;, Procedure : &amp;apos;ctemp&amp;apos;, LineNumber : 6 }, { Source : &amp;apos;.Net SqlClient Data Provider&amp;apos;, Number : 242, State : &amp;apos;3&amp;apos;, Class : &amp;apos;16&amp;apos;, Server : &amp;apos;192.168.11.14&amp;apos;, Message : &amp;apos;The conversion of a varchar data type to a datetime data type resulted in an out-of-range value.&amp;apos;, Procedure : &amp;apos;ctemp&amp;apos;, LineNumber : 6 }, { Source : &amp;apos;.Net SqlClient Data Provider&amp;apos;, Number : 242, State : &amp;apos;3&amp;apos;, Class : &amp;apos;16&amp;apos;, Server : &amp;apos;192.168.11.14&amp;apos;, Message : &amp;apos;The conversion of a varchar data type to a datetime data type resulted in an out-of-range value.&amp;apos;, Procedure : &amp;apos;ctemp&amp;apos;, LineNumber : 6 }, { Source : &amp;apos;.Net SqlClient Data Provider&amp;apos;, Number : 242, State : &amp;apos;3&amp;apos;, Class : &amp;apos;16&amp;apos;, Server : &amp;apos;192.168.11.14&amp;apos;, Message : &amp;apos;The conversion of a varchar data type to a datetime data type resulted in an out-of-range value.&amp;apos;, Procedure : &amp;apos;ctemp&amp;apos;, LineNumber : 6 }, { Source : &amp;apos;.Net SqlClient Data Provider&amp;apos;, Number : 242, State : &amp;apos;3&amp;apos;, Class : &amp;apos;16&amp;apos;, Server : &amp;apos;192.168.11.14&amp;apos;, Message : &amp;apos;The conversion of a varchar data type to a datetime data type resulted in an out-of-range value.&amp;apos;, Procedure : &amp;apos;ctemp&amp;apos;, LineNumber : 6 }, { Source : &amp;apos;.Net SqlClient Data Provider&amp;apos;, Number : 242, State : &amp;apos;3&amp;apos;, Class : &amp;apos;16&amp;apos;, Server : &amp;apos;192.168.11.14&amp;apos;, Message : &amp;apos;The conversion of a varchar data type to a datetime data type resulted in an out-of-range value.&amp;apos;, Procedure : &amp;apos;ctemp&amp;apos;, LineNumber : 6 }, { Source : &amp;apos;.Net SqlClient Data Provider&amp;apos;, Number : 242, State : &amp;apos;3&amp;apos;, Class : &amp;apos;16&amp;apos;, Server : &amp;apos;192.168.11.14&amp;apos;, Message : &amp;apos;The conversion of a varchar data type to a datetime data type resulted in an out-of-range value.&amp;apos;, Procedure : &amp;apos;ctemp&amp;apos;, LineNumber : 6 }, { Source : &amp;apos;.Net SqlClient Data Provider&amp;apos;, Number : 242, State : &amp;apos;3&amp;apos;, Class : &amp;apos;16&amp;apos;, Server : &amp;apos;192.168.11.14&amp;apos;, Message : &amp;apos;The conversion of a varchar data type to a datetime data type resulted in an out-of-range value.&amp;apos;, Procedure : &amp;apos;ctemp&amp;apos;, LineNumber : 6 }, { Source : &amp;apos;.Net SqlClient Data Provider&amp;apos;, Number : 242, State : &amp;apos;3&amp;apos;, Class : &amp;apos;16&amp;apos;, Server : &amp;apos;192.168.11.14&amp;apos;, Message : &amp;apos;The conversion of a varchar data type to a datetime data type resulted in an out-of-range value.&amp;apos;, Procedure : &amp;apos;ctemp&amp;apos;, LineNumber : 6 }, { Source : &amp;apos;.Net SqlClient Data Provider&amp;apos;, Number : 242, State : &amp;apos;3&amp;apos;, Class : &amp;apos;16&amp;apos;, Server : &amp;apos;192.168.11.14&amp;apos;, Message : &amp;apos;The conversion of a varchar data type to a datetime data type resulted in an out-of-range value.&amp;apos;, Procedure : &amp;apos;ctemp&amp;apos;, LineNumber : 6 }, { Source : &amp;apos;.Net SqlClient Data Provider&amp;apos;, Number : 242, State : &amp;apos;3&amp;apos;, Class : &amp;apos;16&amp;apos;, Server : &amp;apos;192.168.11.14&amp;apos;, Message : &amp;apos;The conversion of a varchar data type to a datetime data type resulted in an out-of-range value.&amp;apos;, Procedure : &amp;apos;ctemp&amp;apos;, LineNumber : 6 }, { Source : &amp;apos;.Net SqlClient Data Provider&amp;apos;, Number : 242, State : &amp;apos;3&amp;apos;, Class : &amp;apos;16&amp;apos;, Server : &amp;apos;192.168.11.14&amp;apos;, Message : &amp;apos;The conversion of a varchar data type to a datetime data type resulted in an out-of-range value.&amp;apos;, Procedure : &amp;apos;ctemp&amp;apos;, LineNumber : 6 }, { Source : &amp;apos;.Net SqlClient Data Provider&amp;apos;, Number : 242, State : &amp;apos;3&amp;apos;, Class : &amp;apos;16&amp;apos;, Server : &amp;apos;192.168.11.14&amp;apos;, Message : &amp;apos;The conversion of a varchar data type to a datetime data type resulted in an out-of-range value.&amp;apos;, Procedure : &amp;apos;ctemp&amp;apos;, LineNumber : 6 }, { Source : &amp;apos;.Net SqlClient Data Provider&amp;apos;, Number : 242, State : &amp;apos;3&amp;apos;, Class : &amp;apos;16&amp;apos;, Server : &amp;apos;192.168.11.14&amp;apos;, Message : &amp;apos;The conversion of a varchar data type to a datetime data type resulted in an out-of-range value.&amp;apos;, Procedure : &amp;apos;ctemp&amp;apos;, LineNumber : 6 }, { Source : &amp;apos;.Net SqlClient Data Provider&amp;apos;, Number : 242, State : &amp;apos;3&amp;apos;, Class : &amp;apos;16&amp;apos;, Server : &amp;apos;192.168.11.14&amp;apos;, Message : &amp;apos;The conversion of a varchar data type to a datetime data type resulted in an out-of-range value.&amp;apos;, Procedure : &amp;apos;ctemp&amp;apos;, LineNumber : 6 }, { Source : &amp;apos;.Net SqlClient Data Provider&amp;apos;, Number : 242, State : &amp;apos;3&amp;apos;, Class : &amp;apos;16&amp;apos;, Server : &amp;apos;192.168.11.14&amp;apos;, Message : &amp;apos;The conversion of a varchar data type to a datetime data type resulted in an out-of-range value.&amp;apos;, Procedure : &amp;apos;ctemp&amp;apos;, LineNumber : 6 }, { Source : &amp;apos;.Net SqlClient Data Provider&amp;apos;, Number : 242, State : &amp;apos;3&amp;apos;, Class : &amp;apos;16&amp;apos;, Server : &amp;apos;192.168.11.14&amp;apos;, Message : &amp;apos;The conversion of a varchar data type to a datetime data type resulted in an out-of-range value.&amp;apos;, Procedure : &amp;apos;ctemp&amp;apos;, LineNumber : 6 }, { Source : &amp;apos;.Net SqlClient Data Provider&amp;apos;, Number : 242, State : &amp;apos;3&amp;apos;, Class : &amp;apos;16&amp;apos;, Server : &amp;apos;192.168.11.14&amp;apos;, Message : &amp;apos;The conversion of a varchar data type to a datetime data type resulted in an out-of-range value.&amp;apos;, Procedure : &amp;apos;ctemp&amp;apos;, LineNumber : 6 }, { Source : &amp;apos;.Net SqlClient Data Provider&amp;apos;, Number : 242, State : &amp;apos;3&amp;apos;, Class : &amp;apos;16&amp;apos;, Server : &amp;apos;192.168.11.14&amp;apos;, Message : &amp;apos;The conversion of a varchar data type to a datetime data type resulted in an out-of-range value.&amp;apos;, Procedure : &amp;apos;ctemp&amp;apos;, LineNumber : 6 }, { Source : &amp;apos;.Net SqlClient Data Provider&amp;apos;, Number : 242, State : &amp;apos;3&amp;apos;, Class : &amp;apos;16&amp;apos;, Server : &amp;apos;192.168.11.14&amp;apos;, Message : &amp;apos;The conversion of a varchar data type to a datetime data type resulted in an out-of-range value.&amp;apos;, Procedure : &amp;apos;ctemp&amp;apos;, LineNumber : 6 }, { Source : &amp;apos;.Net SqlClient Data Provider&amp;apos;, Number : 242, State : &amp;apos;3&amp;apos;, Class : &amp;apos;16&amp;apos;, Server : &amp;apos;192.168.11.14&amp;apos;, Message : &amp;apos;The conversion of a varchar data type to a datetime data type resulted in an out-of-range value.&amp;apos;, Procedure : &amp;apos;ctemp&amp;apos;, LineNumber : 6 }, { Source : &amp;apos;.Net SqlClient Data Provider&amp;apos;, Number : 242, State : &amp;apos;3&amp;apos;, Class : &amp;apos;16&amp;apos;, Server : &amp;apos;192.168.11.14&amp;apos;, Message : &amp;apos;The conversion of a varchar data type to a datetime data type resulted in an out-of-range value.&amp;apos;, Procedure : &amp;apos;ctemp&amp;apos;, LineNumber : 6 }, { Source : &amp;apos;.Net SqlClient Data Provider&amp;apos;, Number : 242, State : &amp;apos;3&amp;apos;, Class : &amp;apos;16&amp;apos;, Server : &amp;apos;192.168.11.14&amp;apos;, Message : &amp;apos;The conversion of a varchar data type to a datetime data type resulted in an out-of-range value.&amp;apos;, Procedure : &amp;apos;ctemp&amp;apos;, LineNumber : 6 }, { Source : &amp;apos;.Net SqlClient Data Provider&amp;apos;, Number : 242, State : &amp;apos;3&amp;apos;, Class : &amp;apos;16&amp;apos;, Server : &amp;apos;192.168.11.14&amp;apos;, Message : &amp;apos;The conversion of a varchar data type to a datetime data type resulted in an out-of-range value.&amp;apos;, Procedure : &amp;apos;ctemp&amp;apos;, LineNumber : 6 }, { Source : &amp;apos;.Net SqlClient Data Provider&amp;apos;, Number : 242, State : &amp;apos;3&amp;apos;, Class : &amp;apos;16&amp;apos;, Server : &amp;apos;192.168.11.14&amp;apos;, Message : &amp;apos;The conversion of a varchar data type to a datetime data type resulted in an out-of-range value.&amp;apos;, Procedure : &amp;apos;ctemp&amp;apos;, LineNumber : 6 }, { Source : &amp;apos;.Net SqlClient Data Provider&amp;apos;, Number : 242, State : &amp;apos;3&amp;apos;, Class : &amp;apos;16&amp;apos;, Server : &amp;apos;192.168.11.14&amp;apos;, Message : &amp;apos;The conversion of a varchar data type to a datetime data type resulted in an out-of-range value.&amp;apos;, Procedure : &amp;apos;ctemp&amp;apos;, LineNumber : 6 }, { Source : &amp;apos;.Net SqlClient Data Provider&amp;apos;, Number : 242, State : &amp;apos;3&amp;apos;, Class : &amp;apos;16&amp;apos;, Server : &amp;apos;192.168.11.14&amp;apos;, Message : &amp;apos;The conversion of a varchar data type to a datetime data type resulted in an out-of-range value.&amp;apos;, Procedure : &amp;apos;ctemp&amp;apos;, LineNumber : 6 }, { Source : &amp;apos;.Net SqlClient Data Provider&amp;apos;, Number : 242, State : &amp;apos;3&amp;apos;, Class : &amp;apos;16&amp;apos;, Server : &amp;apos;192.168.11.14&amp;apos;, Message : &amp;apos;The conversion of a varchar data type to a datetime data type resulted in an out-of-range value.&amp;apos;, Procedure : &amp;apos;ctemp&amp;apos;, LineNumber : 6 }, { Source : &amp;apos;.Net SqlClient Data Provider&amp;apos;, Number : 242, State : &amp;apos;3&amp;apos;, Class : &amp;apos;16&amp;apos;, Server : &amp;apos;192.168.11.14&amp;apos;, Message : &amp;apos;The conversion of a varchar data type to a datetime data type resulted in an out-of-range value.&amp;apos;, Procedure : &amp;apos;ctemp&amp;apos;, LineNumber : 6 }, { Source : &amp;apos;.Net SqlClient Data Provider&amp;apos;, Number : 242, State : &amp;apos;3&amp;apos;, Class : &amp;apos;16&amp;apos;, Server : &amp;apos;192.168.11.14&amp;apos;, Message : &amp;apos;The conversion of a varchar data type to a datetime data type resulted in an out-of-range value.&amp;apos;, Procedure : &amp;apos;ctemp&amp;apos;, LineNumber : 6 }, { Source : &amp;apos;.Net SqlClient Data Provider&amp;apos;, Number : 242, State : &amp;apos;3&amp;apos;, Class : &amp;apos;16&amp;apos;, Server : &amp;apos;192.168.11.14&amp;apos;, Message : &amp;apos;The conversion of a varchar data type to a datetime data type resulted in an out-of-range value.&amp;apos;, Procedure : &amp;apos;ctemp&amp;apos;, LineNumber : 6 }, { Source : &amp;apos;.Net SqlClient Data Provider&amp;apos;, Number : 242, State : &amp;apos;3&amp;apos;, Class : &amp;apos;16&amp;apos;, Server : &amp;apos;192.168.11.14&amp;apos;, Message : &amp;apos;The conversion of a varchar data type to a datetime data type resulted in an out-of-range value.&amp;apos;, Procedure : &amp;apos;ctemp&amp;apos;, LineNumber : 6 }, { Source : &amp;apos;.Net SqlClient Data Provider&amp;apos;, Number : 242, State : &amp;apos;3&amp;apos;, Class : &amp;apos;16&amp;apos;, Server : &amp;apos;192.168.11.14&amp;apos;, Message : &amp;apos;The conversion of a varchar data type to a datetime data type resulted in an out-of-range value.&amp;apos;, Procedure : &amp;apos;ctemp&amp;apos;, LineNumber : 6 }, { Source : &amp;apos;.Net SqlClient Data Provider&amp;apos;, Number : 242, State : &amp;apos;3&amp;apos;, Class : &amp;apos;16&amp;apos;, Server : &amp;apos;192.168.11.14&amp;apos;, Message : &amp;apos;The conversion of a varchar data type to a datetime data type resulted in an out-of-range value.&amp;apos;, Procedure : &amp;apos;ctemp&amp;apos;, LineNumber : 6 }, { Source : &amp;apos;.Net SqlClient Data Provider&amp;apos;, Number : 242, State : &amp;apos;3&amp;apos;, Class : &amp;apos;16&amp;apos;, Server : &amp;apos;192.168.11.14&amp;apos;, Message : &amp;apos;The conversion of a varchar data type to a datetime data type resulted in an out-of-range value.&amp;apos;, Procedure : &amp;apos;ctemp&amp;apos;, LineNumber : 6 }, { Source : &amp;apos;.Net SqlClient Data Provider&amp;apos;, Number : 242, State : &amp;apos;3&amp;apos;, Class : &amp;apos;16&amp;apos;, Server : &amp;apos;192.168.11.14&amp;apos;, Message : &amp;apos;The conversion of a varchar data type to a datetime data type resulted in an out-of-range value.&amp;apos;, Procedure : &amp;apos;ctemp&amp;apos;, LineNumber : 6 }, { Source : &amp;apos;.Net SqlClient Data Provider&amp;apos;, Number : 242, State : &amp;apos;3&amp;apos;, Class : &amp;apos;16&amp;apos;, Server : &amp;apos;192.168.11.14&amp;apos;, Message : &amp;apos;The conversion of a varchar data type to a datetime data type resulted in an out-of-range value.&amp;apos;, Procedure : &amp;apos;ctemp&amp;apos;, LineNumber : 6 }, { Source : &amp;apos;.Net SqlClient Data Provider&amp;apos;, Number : 242, State : &amp;apos;3&amp;apos;, Class : &amp;apos;16&amp;apos;, Server : &amp;apos;192.168.11.14&amp;apos;, Message : &amp;apos;The conversion of a varchar data type to a datetime data type resulted in an out-of-range value.&amp;apos;, Procedure : &amp;apos;ctemp&amp;apos;, LineNumber : 6 }, { Source : &amp;apos;.Net SqlClient Data Provider&amp;apos;, Number : 242, State : &amp;apos;3&amp;apos;, Class : &amp;apos;16&amp;apos;, Server : &amp;apos;192.168.11.14&amp;apos;, Message : &amp;apos;The conversion of a varchar data type to a datetime data type resulted in an out-of-range value.&amp;apos;, Procedure : &amp;apos;ctemp&amp;apos;, LineNumber : 6 }, { Source : &amp;apos;.Net SqlClient Data Provider&amp;apos;, Number : 242, State : &amp;apos;3&amp;apos;, Class : &amp;apos;16&amp;apos;, Server : &amp;apos;192.168.11.14&amp;apos;, Message : &amp;apos;The conversion of a varchar data type to a datetime data type resulted in an out-of-range value.&amp;apos;, Procedure : &amp;apos;ctemp&amp;apos;, LineNumber : 6 }, { Source : &amp;apos;.Net SqlClient Data Provider&amp;apos;, Number : 242, State : &amp;apos;3&amp;apos;, Class : &amp;apos;16&amp;apos;, Server : &amp;apos;192.168.11.14&amp;apos;, Message : &amp;apos;The conversion of a varchar data type to a datetime data type resulted in an out-of-range value.&amp;apos;, Procedure : &amp;apos;ctemp&amp;apos;, LineNumber : 6 }, { Source : &amp;apos;.Net SqlClient Data Provider&amp;apos;, Number : 242, State : &amp;apos;3&amp;apos;, Class : &amp;apos;16&amp;apos;, Server : &amp;apos;192.168.11.14&amp;apos;, Message : &amp;apos;The conversion of a varchar data type to a datetime data type resulted in an out-of-range value.&amp;apos;, Procedure : &amp;apos;ctemp&amp;apos;, LineNumber : 6 }, { Source : &amp;apos;.Net SqlClient Data Provider&amp;apos;, Number : 242, State : &amp;apos;3&amp;apos;, Class : &amp;apos;16&amp;apos;, Server : &amp;apos;192.168.11.14&amp;apos;, Message : &amp;apos;The conversion of a varchar data type to a datetime data type resulted in an out-of-range value.&amp;apos;, Procedure : &amp;apos;ctemp&amp;apos;, LineNumber : 6 }, { Source : &amp;apos;.Net SqlClient Data Provider&amp;apos;, Number : 242, State : &amp;apos;3&amp;apos;, Class : &amp;apos;16&amp;apos;, Server : &amp;apos;192.168.11.14&amp;apos;, Message : &amp;apos;The conversion of a varchar data type to a datetime data type resulted in an out-of-range value.&amp;apos;, Procedure : &amp;apos;ctemp&amp;apos;, LineNumber : 6 }, { Source : &amp;apos;.Net SqlClient Data Provider&amp;apos;, Number : 242, State : &amp;apos;3&amp;apos;, Class : &amp;apos;16&amp;apos;, Server : &amp;apos;192.168.11.14&amp;apos;, Message : &amp;apos;The conversion of a varchar data type to a datetime data type resulted in an out-of-range value.&amp;apos;, Procedure : &amp;apos;ctemp&amp;apos;, LineNumber : 6 }, { Source : &amp;apos;.Net SqlClient Data Provider&amp;apos;, Number : 242, State : &amp;apos;3&amp;apos;, Class : &amp;apos;16&amp;apos;, Server : &amp;apos;192.168.11.14&amp;apos;, Message : &amp;apos;The conversion of a varchar data type to a datetime data type resulted in an out-of-range value.&amp;apos;, Procedure : &amp;apos;ctemp&amp;apos;, LineNumber : 6 }, { Source : &amp;apos;.Net SqlClient Data Provider&amp;apos;, Number : 242, State : &amp;apos;3&amp;apos;, Class : &amp;apos;16&amp;apos;, Server : &amp;apos;192.168.11.14&amp;apos;, Message : &amp;apos;The conversion of a varchar data type to a datetime data type resulted in an out-of-range value.&amp;apos;, Procedure : &amp;apos;ctemp&amp;apos;, LineNumber : 6 }, { Source : &amp;apos;.Net SqlClient Data Provider&amp;apos;, Number : 242, State : &amp;apos;3&amp;apos;, Class : &amp;apos;16&amp;apos;, Server : &amp;apos;192.168.11.14&amp;apos;, Message : &amp;apos;The conversion of a varchar data type to a datetime data type resulted in an out-of-range value.&amp;apos;, Procedure : &amp;apos;ctemp&amp;apos;, LineNumber : 6 }, { Source : &amp;apos;.Net SqlClient Data Provider&amp;apos;, Number : 242, State : &amp;apos;3&amp;apos;, Class : &amp;apos;16&amp;apos;, Server : &amp;apos;192.168.11.14&amp;apos;, Message : &amp;apos;The conversion of a varchar data type to a datetime data type resulted in an out-of-range value.&amp;apos;, Procedure : &amp;apos;ctemp&amp;apos;, LineNumber : 6 }, { Source : &amp;apos;.Net SqlClient Data Provider&amp;apos;, Number : 242, State : &amp;apos;3&amp;apos;, Class : &amp;apos;16&amp;apos;, Server : &amp;apos;192.168.11.14&amp;apos;, Message : &amp;apos;The conversion of a varchar data type to a datetime data type resulted in an out-of-range value.&amp;apos;, Procedure : &amp;apos;ctemp&amp;apos;, LineNumber : 6 }, { Source : &amp;apos;.Net SqlClient Data Provider&amp;apos;, Number : 242, State : &amp;apos;3&amp;apos;, Class : &amp;apos;16&amp;apos;, Server : &amp;apos;192.168.11.14&amp;apos;, Message : &amp;apos;The conversion of a varchar data type to a datetime data type resulted in an out-of-range value.&amp;apos;, Procedure : &amp;apos;ctemp&amp;apos;, LineNumber : 6 }, { Source : &amp;apos;.Net SqlClient Data Provider&amp;apos;, Number : 242, State : &amp;apos;3&amp;apos;, Class : &amp;apos;16&amp;apos;, Server : &amp;apos;192.168.11.14&amp;apos;, Message : &amp;apos;The conversion of a varchar data type to a datetime data type resulted in an out-of-range value.&amp;apos;, Procedure : &amp;apos;ctemp&amp;apos;, LineNumber : 6 }, { Source : &amp;apos;.Net SqlClient Data Provider&amp;apos;, Number : 242, State : &amp;apos;3&amp;apos;, Class : &amp;apos;16&amp;apos;, Server : &amp;apos;192.168.11.14&amp;apos;, Message : &amp;apos;The conversion of a varchar data type to a datetime data type resulted in an out-of-range value.&amp;apos;, Procedure : &amp;apos;ctemp&amp;apos;, LineNumber : 6 }, { Source : &amp;apos;.Net SqlClient Data Provider&amp;apos;, Number : 242, State : &amp;apos;3&amp;apos;, Class : &amp;apos;16&amp;apos;, Server : &amp;apos;192.168.11.14&amp;apos;, Message : &amp;apos;The conversion of a varchar data type to a datetime data type resulted in an out-of-range value.&amp;apos;, Procedure : &amp;apos;ctemp&amp;apos;, LineNumber : 6 }, { Source : &amp;apos;.Net SqlClient Data Provider&amp;apos;, Number : 242, State : &amp;apos;3&amp;apos;, Class : &amp;apos;16&amp;apos;, Server : &amp;apos;192.168.11.14&amp;apos;, Message : &amp;apos;The conversion of a varchar data type to a datetime data type resulted in an out-of-range value.&amp;apos;, Procedure : &amp;apos;ctemp&amp;apos;, LineNumber : 6 }, { Source : &amp;apos;.Net SqlClient Data Provider&amp;apos;, Number : 242, State : &amp;apos;3&amp;apos;, Class : &amp;apos;16&amp;apos;, Server : &amp;apos;192.168.11.14&amp;apos;, Message : &amp;apos;The conversion of a varchar data type to a datetime data type resulted in an out-of-range value.&amp;apos;, Procedure : &amp;apos;ctemp&amp;apos;, LineNumber : 6 }, { Source : &amp;apos;.Net SqlClient Data Provider&amp;apos;, Number : 242, State : &amp;apos;3&amp;apos;, Class : &amp;apos;16&amp;apos;, Server : &amp;apos;192.168.11.14&amp;apos;, Message : &amp;apos;The conversion of a varchar data type to a datetime data type resulted in an out-of-range value.&amp;apos;, Procedure : &amp;apos;ctemp&amp;apos;, LineNumber : 6 }, { Source : &amp;apos;.Net SqlClient Data Provider&amp;apos;, Number : 242, State : &amp;apos;3&amp;apos;, Class : &amp;apos;16&amp;apos;, Server : &amp;apos;192.168.11.14&amp;apos;, Message : &amp;apos;The conversion of a varchar data type to a datetime data type resulted in an out-of-range value.&amp;apos;, Procedure : &amp;apos;ctemp&amp;apos;, LineNumber : 6 }, { Source : &amp;apos;.Net SqlClient Data Provider&amp;apos;, Number : 242, State : &amp;apos;3&amp;apos;, Class : &amp;apos;16&amp;apos;, Server : &amp;apos;192.168.11.14&amp;apos;, Message : &amp;apos;The conversion of a varchar data type to a datetime data type resulted in an out-of-range value.&amp;apos;, Procedure : &amp;apos;ctemp&amp;apos;, LineNumber : 6 }, { Source : &amp;apos;.Net SqlClient Data Provider&amp;apos;, Number : 242, State : &amp;apos;3&amp;apos;, Class : &amp;apos;16&amp;apos;, Server : &amp;apos;192.168.11.14&amp;apos;, Message : &amp;apos;The conversion of a varchar data type to a datetime data type resulted in an out-of-range value.&amp;apos;, Procedure : &amp;apos;ctemp&amp;apos;, LineNumber : 6 }, { Source : &amp;apos;.Net SqlClient Data Provider&amp;apos;, Number : 242, State : &amp;apos;3&amp;apos;, Class : &amp;apos;16&amp;apos;, Server : &amp;apos;192.168.11.14&amp;apos;, Message : &amp;apos;The conversion of a varchar data type to a datetime data type resulted in an out-of-range value.&amp;apos;, Procedure : &amp;apos;ctemp&amp;apos;, LineNumber : 6 }, { Source : &amp;apos;.Net SqlClient Data Provider&amp;apos;, Number : 242, State : &amp;apos;3&amp;apos;, Class : &amp;apos;16&amp;apos;, Server : &amp;apos;192.168.11.14&amp;apos;, Message : &amp;apos;The conversion of a varchar data type to a datetime data type resulted in an out-of-range value.&amp;apos;, Procedure : &amp;apos;ctemp&amp;apos;, LineNumber : 6 }, { Source : &amp;apos;.Net SqlClient Data Provider&amp;apos;, Number : 242, State : &amp;apos;3&amp;apos;, Class : &amp;apos;16&amp;apos;, Server : &amp;apos;192.168.11.14&amp;apos;, Message : &amp;apos;The conversion of a varchar data type to a datetime data type resulted in an out-of-range value.&amp;apos;, Procedure : &amp;apos;ctemp&amp;apos;, LineNumber : 6 }, { Source : &amp;apos;.Net SqlClient Data Provider&amp;apos;, Number : 242, State : &amp;apos;3&amp;apos;, Class : &amp;apos;16&amp;apos;, Server : &amp;apos;192.168.11.14&amp;apos;, Message : &amp;apos;The conversion of a varchar data type to a datetime data type resulted in an out-of-range value.&amp;apos;, Procedure : &amp;apos;ctemp&amp;apos;, LineNumber : 6 }, { Source : &amp;apos;.Net SqlClient Data Provider&amp;apos;, Number : 242, State : &amp;apos;3&amp;apos;, Class : &amp;apos;16&amp;apos;, Server : &amp;apos;192.168.11.14&amp;apos;, Message : &amp;apos;The conversion of a varchar data type to a datetime data type resulted in an out-of-range value.&amp;apos;, Procedure : &amp;apos;ctemp&amp;apos;, LineNumber : 6 }, { Source : &amp;apos;.Net SqlClient Data Provider&amp;apos;, Number : 242, State : &amp;apos;3&amp;apos;, Class : &amp;apos;16&amp;apos;, Server : &amp;apos;192.168.11.14&amp;apos;, Message : &amp;apos;The conversion of a varchar data type to a datetime data type resulted in an out-of-range value.&amp;apos;, Procedure : &amp;apos;ctemp&amp;apos;, LineNumber : 6 }, { Source : &amp;apos;.Net SqlClient Data Provider&amp;apos;, Number : 242, State : &amp;apos;3&amp;apos;, Class : &amp;apos;16&amp;apos;, Server : &amp;apos;192.168.11.14&amp;apos;, Message : &amp;apos;The conversion of a varchar data type to a datetime data type resulted in an out-of-range value.&amp;apos;, Procedure : &amp;apos;ctemp&amp;apos;, LineNumber : 6 }, { Source : &amp;apos;.Net SqlClient Data Provider&amp;apos;, Number : 242, State : &amp;apos;3&amp;apos;, Class : &amp;apos;16&amp;apos;, Server : &amp;apos;192.168.11.14&amp;apos;, Message : &amp;apos;The conversion of a varchar data type to a datetime data type resulted in an out-of-range value.&amp;apos;, Procedure : &amp;apos;ctemp&amp;apos;, LineNumber : 6 }, { Source : &amp;apos;.Net SqlClient Data Provider&amp;apos;, Number : 242, State : &amp;apos;3&amp;apos;, Class : &amp;apos;16&amp;apos;, Server : &amp;apos;192.168.11.14&amp;apos;, Message : &amp;apos;The conversion of a varchar data type to a datetime data type resulted in an out-of-range value.&amp;apos;, Procedure : &amp;apos;ctemp&amp;apos;, LineNumber : 6 }, { Source : &amp;apos;.Net SqlClient Data Provider&amp;apos;, Number : 242, State : &amp;apos;3&amp;apos;, Class : &amp;apos;16&amp;apos;, Server : &amp;apos;192.168.11.14&amp;apos;, Message : &amp;apos;The conversion of a varchar data type to a datetime data type resulted in an out-of-range value.&amp;apos;, Procedure : &amp;apos;ctemp&amp;apos;, LineNumber : 6 }, { Source : &amp;apos;.Net SqlClient Data Provider&amp;apos;, Number : 242, State : &amp;apos;3&amp;apos;, Class : &amp;apos;16&amp;apos;, Server : &amp;apos;192.168.11.14&amp;apos;, Message : &amp;apos;The conversion of a varchar data type to a datetime data type resulted in an out-of-range value.&amp;apos;, Procedure : &amp;apos;ctemp&amp;apos;, LineNumber : 6 }, { Source : &amp;apos;.Net SqlClient Data Provider&amp;apos;, Number : 242, State : &amp;apos;3&amp;apos;, Class : &amp;apos;16&amp;apos;, Server : &amp;apos;192.168.11.14&amp;apos;, Message : &amp;apos;The conversion of a varchar data type to a datetime data type resulted in an out-of-range value.&amp;apos;, Procedure : &amp;apos;ctemp&amp;apos;, LineNumber : 6 }, { Source : &amp;apos;.Net SqlClient Data Provider&amp;apos;, Number : 242, State : &amp;apos;3&amp;apos;, Class : &amp;apos;16&amp;apos;, Server : &amp;apos;192.168.11.14&amp;apos;, Message : &amp;apos;The conversion of a varchar data type to a datetime data type resulted in an out-of-range value.&amp;apos;, Procedure : &amp;apos;ctemp&amp;apos;, LineNumber : 6 }, { Source : &amp;apos;.Net SqlClient Data Provider&amp;apos;, Number : 242, State : &amp;apos;3&amp;apos;, Class : &amp;apos;16&amp;apos;, Server : &amp;apos;192.168.11.14&amp;apos;, Message : &amp;apos;The conversion of a varchar data type to a datetime data type resulted in an out-of-range value.&amp;apos;, Procedure : &amp;apos;ctemp&amp;apos;, LineNumber : 6 }, { Source : &amp;apos;.Net SqlClient Data Provider&amp;apos;, Number : 242, State : &amp;apos;3&amp;apos;, Class : &amp;apos;16&amp;apos;, Server : &amp;apos;192.168.11.14&amp;apos;, Message : &amp;apos;The conversion of a varchar data type to a datetime data type resulted in an out-of-range value.&amp;apos;, Procedure : &amp;apos;ctemp&amp;apos;, LineNumber : 6 }, { Source : &amp;apos;.Net SqlClient Data Provider&amp;apos;, Number : 242, State : &amp;apos;3&amp;apos;, Class : &amp;apos;16&amp;apos;, Server : &amp;apos;192.168.11.14&amp;apos;, Message : &amp;apos;The conversion of a varchar data type to a datetime data type resulted in an out-of-range value.&amp;apos;, Procedure : &amp;apos;ctemp&amp;apos;, LineNumber : 6 }, { Source : &amp;apos;.Net SqlClient Data Provider&amp;apos;, Number : 242, State : &amp;apos;3&amp;apos;, Class : &amp;apos;16&amp;apos;, Server : &amp;apos;192.168.11.14&amp;apos;, Message : &amp;apos;The conversion of a varchar data type to a datetime data type resulted in an out-of-range value.&amp;apos;, Procedure : &amp;apos;ctemp&amp;apos;, LineNumber : 6 }, { Source : &amp;apos;.Net SqlClient Data Provider&amp;apos;, Number : 242, State : &amp;apos;3&amp;apos;, Class : &amp;apos;16&amp;apos;, Server : &amp;apos;192.168.11.14&amp;apos;, Message : &amp;apos;The conversion of a varchar data type to a datetime data type resulted in an out-of-range value.&amp;apos;, Procedure : &amp;apos;ctemp&amp;apos;, LineNumber : 6 }, { Source : &amp;apos;.Net SqlClient Data Provider&amp;apos;, Number : 242, State : &amp;apos;3&amp;apos;, Class : &amp;apos;16&amp;apos;, Server : &amp;apos;192.168.11.14&amp;apos;, Message : &amp;apos;The conversion of a varchar data type to a datetime data type resulted in an out-of-range value.&amp;apos;, Procedure : &amp;apos;ctemp&amp;apos;, LineNumber : 6 }, { Source : &amp;apos;.Net SqlClient Data Provider&amp;apos;, Number : 242, State : &amp;apos;3&amp;apos;, Class : &amp;apos;16&amp;apos;, Server : &amp;apos;192.168.11.14&amp;apos;, Message : &amp;apos;The conversion of a varchar data type to a datetime data type resulted in an out-of-range value.&amp;apos;, Procedure : &amp;apos;ctemp&amp;apos;, LineNumber : 6 }, { Source : &amp;apos;.Net SqlClient Data Provider&amp;apos;, Number : 242, State : &amp;apos;3&amp;apos;, Class : &amp;apos;16&amp;apos;, Server : &amp;apos;192.168.11.14&amp;apos;, Message : &amp;apos;The conversion of a varchar data type to a datetime data type resulted in an out-of-range value.&amp;apos;, Procedure : &amp;apos;ctemp&amp;apos;, LineNumber : 6 }, { Source : &amp;apos;.Net SqlClient Data Provider&amp;apos;, Number : 242, State : &amp;apos;3&amp;apos;, Class : &amp;apos;16&amp;apos;, Server : &amp;apos;192.168.11.14&amp;apos;, Message : &amp;apos;The conversion of a varchar data type to a datetime data type resulted in an out-of-range value.&amp;apos;, Procedure : &amp;apos;ctemp&amp;apos;, LineNumber : 6 }, { Source : &amp;apos;.Net SqlClient Data Provider&amp;apos;, Number : 242, State : &amp;apos;3&amp;apos;, Class : &amp;apos;16&amp;apos;, Server : &amp;apos;192.168.11.14&amp;apos;, Message : &amp;apos;The conversion of a varchar data type to a datetime data type resulted in an out-of-range value.&amp;apos;, Procedure : &amp;apos;ctemp&amp;apos;, LineNumber : 6 }, { Source : &amp;apos;.Net SqlClient Data Provider&amp;apos;, Number : 242, State : &amp;apos;3&amp;apos;, Class : &amp;apos;16&amp;apos;, Server : &amp;apos;192.168.11.14&amp;apos;, Message : &amp;apos;The conversion of a varchar data type to a datetime data type resulted in an out-of-range value.&amp;apos;, Procedure : &amp;apos;ctemp&amp;apos;, LineNumber : 6 }, { Source : &amp;apos;.Net SqlClient Data Provider&amp;apos;, Number : 242, State : &amp;apos;3&amp;apos;, Class : &amp;apos;16&amp;apos;, Server : &amp;apos;192.168.11.14&amp;apos;, Message : &amp;apos;The conversion of a varchar data type to a datetime data type resulted in an out-of-range value.&amp;apos;, Procedure : &amp;apos;ctemp&amp;apos;, LineNumber : 6 }, { Source : &amp;apos;.Net SqlClient Data Provider&amp;apos;, Number : 242, State : &amp;apos;3&amp;apos;, Class : &amp;apos;16&amp;apos;, Server : &amp;apos;192.168.11.14&amp;apos;, Message : &amp;apos;The conversion of a varchar data type to a datetime data type resulted in an out-of-range value.&amp;apos;, Procedure : &amp;apos;ctemp&amp;apos;, LineNumber : 6 }, { Source : &amp;apos;.Net SqlClient Data Provider&amp;apos;, Number : 242, State : &amp;apos;3&amp;apos;, Class : &amp;apos;16&amp;apos;, Server : &amp;apos;192.168.11.14&amp;apos;, Message : &amp;apos;The conversion of a varchar data type to a datetime data type resulted in an out-of-range value.&amp;apos;, Procedure : &amp;apos;ctemp&amp;apos;, LineNumber : 6 }, { Source : &amp;apos;.Net SqlClient Data Provider&amp;apos;, Number : 242, State : &amp;apos;3&amp;apos;, Class : &amp;apos;16&amp;apos;, Server : &amp;apos;192.168.11.14&amp;apos;, Message : &amp;apos;The conversion of a varchar data type to a datetime data type resulted in an out-of-range value.&amp;apos;, Procedure : &amp;apos;ctemp&amp;apos;, LineNumber : 6 }, { Source : &amp;apos;.Net SqlClient Data Provider&amp;apos;, Number : 242, State : &amp;apos;3&amp;apos;, Class : &amp;apos;16&amp;apos;, Server : &amp;apos;192.168.11.14&amp;apos;, Message : &amp;apos;The conversion of a varchar data type to a datetime data type resulted in an out-of-range value.&amp;apos;, Procedure : &amp;apos;ctemp&amp;apos;, LineNumber : 6 }, { Source : &amp;apos;.Net SqlClient Data Provider&amp;apos;, Number : 242, State : &amp;apos;3&amp;apos;, Class : &amp;apos;16&amp;apos;, Server : &amp;apos;192.168.11.14&amp;apos;, Message : &amp;apos;The conversion of a varchar data type to a datetime data type resulted in an out-of-range value.&amp;apos;, Procedure : &amp;apos;ctemp&amp;apos;, LineNumber : 6 }, { Source : &amp;apos;.Net SqlClient Data Provider&amp;apos;, Number : 242, State : &amp;apos;3&amp;apos;, Class : &amp;apos;16&amp;apos;, Server : &amp;apos;192.168.11.14&amp;apos;, Message : &amp;apos;The conversion of a varchar data type to a datetime data type resulted in an out-of-range value.&amp;apos;, Procedure : &amp;apos;ctemp&amp;apos;, LineNumber : 6 }, { Source : &amp;apos;.Net SqlClient Data Provider&amp;apos;, Number : 242, State : &amp;apos;3&amp;apos;, Class : &amp;apos;16&amp;apos;, Server : &amp;apos;192.168.11.14&amp;apos;, Message : &amp;apos;The conversion of a varchar data type to a datetime data type resulted in an out-of-range value.&amp;apos;, Procedure : &amp;apos;ctemp&amp;apos;, LineNumber : 6 }, { Source : &amp;apos;.Net SqlClient Data Provider&amp;apos;, Number : 242, State : &amp;apos;3&amp;apos;, Class : &amp;apos;16&amp;apos;, Server : &amp;apos;192.168.11.14&amp;apos;, Message : &amp;apos;The conversion of a varchar data type to a datetime data type resulted in an out-of-range value.&amp;apos;, Procedure : &amp;apos;ctemp&amp;apos;, LineNumber : 6 }, { Source : &amp;apos;.Net SqlClient Data Provider&amp;apos;, Number : 242, State : &amp;apos;3&amp;apos;, Class : &amp;apos;16&amp;apos;, Server : &amp;apos;192.168.11.14&amp;apos;, Message : &amp;apos;The conversion of a varchar data type to a datetime data type resulted in an out-of-range value.&amp;apos;, Procedure : &amp;apos;ctemp&amp;apos;, LineNumber : 6 }, { Source : &amp;apos;.Net SqlClient Data Provider&amp;apos;, Number : 242, State : &amp;apos;3&amp;apos;, Class : &amp;apos;16&amp;apos;, Server : &amp;apos;192.168.11.14&amp;apos;, Message : &amp;apos;The conversion of a varchar data type to a datetime data type resulted in an out-of-range value.&amp;apos;, Procedure : &amp;apos;ctemp&amp;apos;, LineNumber : 6 }, { Source : &amp;apos;.Net SqlClient Data Provider&amp;apos;, Number : 242, State : &amp;apos;3&amp;apos;, Class : &amp;apos;16&amp;apos;, Server : &amp;apos;192.168.11.14&amp;apos;, Message : &amp;apos;The conversion of a varchar data type to a datetime data type resulted in an out-of-range value.&amp;apos;, Procedure : &amp;apos;ctemp&amp;apos;, LineNumber : 6 }, { Source : &amp;apos;.Net SqlClient Data Provider&amp;apos;, Number : 242, State : &amp;apos;3&amp;apos;, Class : &amp;apos;16&amp;apos;, Server : &amp;apos;192.168.11.14&amp;apos;, Message : &amp;apos;The conversion of a varchar data type to a datetime data type resulted in an out-of-range value.&amp;apos;, Procedure : &amp;apos;ctemp&amp;apos;, LineNumber : 6 }, { Source : &amp;apos;.Net SqlClient Data Provider&amp;apos;, Number : 242, State : &amp;apos;3&amp;apos;, Class : &amp;apos;16&amp;apos;, Server : &amp;apos;192.168.11.14&amp;apos;, Message : &amp;apos;The conversion of a varchar data type to a datetime data type resulted in an out-of-range value.&amp;apos;, Procedure : &amp;apos;ctemp&amp;apos;, LineNumber : 6 }, { Source : &amp;apos;.Net SqlClient Data Provider&amp;apos;, Number : 242, State : &amp;apos;3&amp;apos;, Class : &amp;apos;16&amp;apos;, Server : &amp;apos;192.168.11.14&amp;apos;, Message : &amp;apos;The conversion of a varchar data type to a datetime data type resulted in an out-of-range value.&amp;apos;, Procedure : &amp;apos;ctemp&amp;apos;, LineNumber : 6 }, { Source : &amp;apos;.Net SqlClient Data Provider&amp;apos;, Number : 242, State : &amp;apos;3&amp;apos;, Class : &amp;apos;16&amp;apos;, Server : &amp;apos;192.168.11.14&amp;apos;, Message : &amp;apos;The conversion of a varchar data type to a datetime data type resulted in an out-of-range value.&amp;apos;, Procedure : &amp;apos;ctemp&amp;apos;, LineNumber : 6 }, { Source : &amp;apos;.Net SqlClient Data Provider&amp;apos;, Number : 242, State : &amp;apos;3&amp;apos;, Class : &amp;apos;16&amp;apos;, Server : &amp;apos;192.168.11.14&amp;apos;, Message : &amp;apos;The conversion of a varchar data type to a datetime data type resulted in an out-of-range value.&amp;apos;, Procedure : &amp;apos;ctemp&amp;apos;, LineNumber : 6 }, { Source : &amp;apos;.Net SqlClient Data Provider&amp;apos;, Number : 242, State : &amp;apos;3&amp;apos;, Class : &amp;apos;16&amp;apos;, Server : &amp;apos;192.168.11.14&amp;apos;, Message : &amp;apos;The conversion of a varchar data type to a datetime data type resulted in an out-of-range value.&amp;apos;, Procedure : &amp;apos;ctemp&amp;apos;, LineNumber : 6 }, { Source : &amp;apos;.Net SqlClient Data Provider&amp;apos;, Number : 242, State : &amp;apos;3&amp;apos;, Class : &amp;apos;16&amp;apos;, Server : &amp;apos;192.168.11.14&amp;apos;, Message : &amp;apos;The conversion of a varchar data type to a datetime data type resulted in an out-of-range value.&amp;apos;, Procedure : &amp;apos;ctemp&amp;apos;, LineNumber : 6 }, { Source : &amp;apos;.Net SqlClient Data Provider&amp;apos;, Number : 242, State : &amp;apos;3&amp;apos;, Class : &amp;apos;16&amp;apos;, Server : &amp;apos;192.168.11.14&amp;apos;, Message : &amp;apos;The conversion of a varchar data type to a datetime data type resulted in an out-of-range value.&amp;apos;, Procedure : &amp;apos;ctemp&amp;apos;, LineNumber : 6 }, { Source : &amp;apos;.Net SqlClient Data Provider&amp;apos;, Number : 242, State : &amp;apos;3&amp;apos;, Class : &amp;apos;16&amp;apos;, Server : &amp;apos;192.168.11.14&amp;apos;, Message : &amp;apos;The conversion of a varchar data type to a datetime data type resulted in an out-of-range value.&amp;apos;, Procedure : &amp;apos;ctemp&amp;apos;, LineNumber : 6 }, { Source : &amp;apos;.Net SqlClient Data Provider&amp;apos;, Number : 242, State : &amp;apos;3&amp;apos;, Class : &amp;apos;16&amp;apos;, Server : &amp;apos;192.168.11.14&amp;apos;, Message : &amp;apos;The conversion of a varchar data type to a datetime data type resulted in an out-of-range value.&amp;apos;, Procedure : &amp;apos;ctemp&amp;apos;, LineNumber : 6 }, { Source : &amp;apos;.Net SqlClient Data Provider&amp;apos;, Number : 242, State : &amp;apos;3&amp;apos;, Class : &amp;apos;16&amp;apos;, Server : &amp;apos;192.168.11.14&amp;apos;, Message : &amp;apos;The conversion of a varchar data type to a datetime data type resulted in an out-of-range value.&amp;apos;, Procedure : &amp;apos;ctemp&amp;apos;, LineNumber : 6 }, { Source : &amp;apos;.Net SqlClient Data Provider&amp;apos;, Number : 242, State : &amp;apos;3&amp;apos;, Class : &amp;apos;16&amp;apos;, Server : &amp;apos;192.168.11.14&amp;apos;, Message : &amp;apos;The conversion of a varchar data type to a datetime data type resulted in an out-of-range value.&amp;apos;, Procedure : &amp;apos;ctemp&amp;apos;, LineNumber : 6 }, { Source : &amp;apos;.Net SqlClient Data Provider&amp;apos;, Number : 242, State : &amp;apos;3&amp;apos;, Class : &amp;apos;16&amp;apos;, Server : &amp;apos;192.168.11.14&amp;apos;, Message : &amp;apos;The conversion of a varchar data type to a datetime data type resulted in an out-of-range value.&amp;apos;, Procedure : &amp;apos;ctemp&amp;apos;, LineNumber : 6 }, { Source : &amp;apos;.Net SqlClient Data Provider&amp;apos;, Number : 242, State : &amp;apos;3&amp;apos;, Class : &amp;apos;16&amp;apos;, Server : &amp;apos;192.168.11.14&amp;apos;, Message : &amp;apos;The conversion of a varchar data type to a datetime data type resulted in an out-of-range value.&amp;apos;, Procedure : &amp;apos;ctemp&amp;apos;, LineNumber : 6 }, { Source : &amp;apos;.Net SqlClient Data Provider&amp;apos;, Number : 242, State : &amp;apos;3&amp;apos;, Class : &amp;apos;16&amp;apos;, Server : &amp;apos;192.168.11.14&amp;apos;, Message : &amp;apos;The conversion of a varchar data type to a datetime data type resulted in an out-of-range value.&amp;apos;, Procedure : &amp;apos;ctemp&amp;apos;, LineNumber : 6 }, { Source : &amp;apos;.Net SqlClient Data Provider&amp;apos;, Number : 242, State : &amp;apos;3&amp;apos;, Class : &amp;apos;16&amp;apos;, Server : &amp;apos;192.168.11.14&amp;apos;, Message : &amp;apos;The conversion of a varchar data type to a datetime data type resulted in an out-of-range value.&amp;apos;, Procedure : &amp;apos;ctemp&amp;apos;, LineNumber : 6 }, { Source : &amp;apos;.Net SqlClient Data Provider&amp;apos;, Number : 242, State : &amp;apos;3&amp;apos;, Class : &amp;apos;16&amp;apos;, Server : &amp;apos;192.168.11.14&amp;apos;, Message : &amp;apos;The conversion of a varchar data type to a datetime data type resulted in an out-of-range value.&amp;apos;, Procedure : &amp;apos;ctemp&amp;apos;, LineNumber : 6 }, { Source : &amp;apos;.Net SqlClient Data Provider&amp;apos;, Number : 242, State : &amp;apos;3&amp;apos;, Class : &amp;apos;16&amp;apos;, Server : &amp;apos;192.168.11.14&amp;apos;, Message : &amp;apos;The conversion of a varchar data type to a datetime data type resulted in an out-of-range value.&amp;apos;, Procedure : &amp;apos;ctemp&amp;apos;, LineNumber : 6 }, { Source : &amp;apos;.Net SqlClient Data Provider&amp;apos;, Number : 242, State : &amp;apos;3&amp;apos;, Class : &amp;apos;16&amp;apos;, Server : &amp;apos;192.168.11.14&amp;apos;, Message : &amp;apos;The conversion of a varchar data type to a datetime data type resulted in an out-of-range value.&amp;apos;, Procedure : &amp;apos;ctemp&amp;apos;, LineNumber : 6 }, { Source : &amp;apos;.Net SqlClient Data Provider&amp;apos;, Number : 242, State : &amp;apos;3&amp;apos;, Class : &amp;apos;16&amp;apos;, Server : &amp;apos;192.168.11.14&amp;apos;, Message : &amp;apos;The conversion of a varchar data type to a datetime data type resulted in an out-of-range value.&amp;apos;, Procedure : &amp;apos;ctemp&amp;apos;, LineNumber : 6 }, { Source : &amp;apos;.Net SqlClient Data Provider&amp;apos;, Number : 242, State : &amp;apos;3&amp;apos;, Class : &amp;apos;16&amp;apos;, Server : &amp;apos;192.168.11.14&amp;apos;, Message : &amp;apos;The conversion of a varchar data type to a datetime data type resulted in an out-of-range value.&amp;apos;, Procedure : &amp;apos;ctemp&amp;apos;, LineNumber : 6 }, { Source : &amp;apos;.Net SqlClient Data Provider&amp;apos;, Number : 242, State : &amp;apos;3&amp;apos;, Class : &amp;apos;16&amp;apos;, Server : &amp;apos;192.168.11.14&amp;apos;, Message : &amp;apos;The conversion of a varchar data type to a datetime data type resulted in an out-of-range value.&amp;apos;, Procedure : &amp;apos;ctemp&amp;apos;, LineNumber : 6 }, { Source : &amp;apos;.Net SqlClient Data Provider&amp;apos;, Number : 242, State : &amp;apos;3&amp;apos;, Class : &amp;apos;16&amp;apos;, Server : &amp;apos;192.168.11.14&amp;apos;, Message : &amp;apos;The conversion of a varchar data type to a datetime data type resulted in an out-of-range value.&amp;apos;, Procedure : &amp;apos;ctemp&amp;apos;, LineNumber : 6 }, { Source : &amp;apos;.Net SqlClient Data Provider&amp;apos;, Number : 242, State : &amp;apos;3&amp;apos;, Class : &amp;apos;16&amp;apos;, Server : &amp;apos;192.168.11.14&amp;apos;, Message : &amp;apos;The conversion of a varchar data type to a datetime data type resulted in an out-of-range value.&amp;apos;, Procedure : &amp;apos;ctemp&amp;apos;, LineNumber : 6 }, { Source : &amp;apos;.Net SqlClient Data Provider&amp;apos;, Number : 242, State : &amp;apos;3&amp;apos;, Class : &amp;apos;16&amp;apos;, Server : &amp;apos;192.168.11.14&amp;apos;, Message : &amp;apos;The conversion of a varchar data type to a datetime data type resulted in an out-of-range value.&amp;apos;, Procedure : &amp;apos;ctemp&amp;apos;, LineNumber : 6 }, { Source : &amp;apos;.Net SqlClient Data Provider&amp;apos;, Number : 242, State : &amp;apos;3&amp;apos;, Class : &amp;apos;16&amp;apos;, Server : &amp;apos;192.168.11.14&amp;apos;, Message : &amp;apos;The conversion of a varchar data type to a datetime data type resulted in an out-of-range value.&amp;apos;, Procedure : &amp;apos;ctemp&amp;apos;, LineNumber : 6 }, { Source : &amp;apos;.Net SqlClie
[...]
The conversion of a varchar data type to a datetime data type resulted in an out-of-range value.
The conversion of a varchar data type to a datetime data type resulted in an out-of-range value.
The conversion of a varchar data type to a datetime data type resulted in an out-of-range value.
The conversion of a varchar data type to a datetime data type resulted in an out-of-range value.
The conversion of a varchar data type to a datetime data type resulted in an out-of-range value.
The conversion of a varchar data type to a datetime data type resulted in an out-of-range value.
The conversion of a varchar data type to a datetime data type resulted in an out-of-range value.
The conversion of a varchar data type to a datetime data type resulted in an out-of-range value.
The conversion of a varchar data type to a datetime data type resulted in an out-of-range value.
The conversion of a varchar data type to a datetime data type resulted in an out-of-range value.
The conversion of a varchar data type to a datetime data type resulted in an out-of-range value.
The conversion of a varchar data type to a datetime data type resulted in an out-of-range value.
The statement has been terminated.
The statement has been terminated.
The statement has been terminated.
The statement has been terminated.
The statement has been terminated.
The statement has been terminated.
The statement has been terminated.
The statement has been terminated.
The statement has been terminated.
The statement has been terminated.
The statement has been terminated.
The statement has been terminated.
The statement has been terminated.
The statement has been terminated.
The statement has been terminated.
The statement has been terminated.
The statement has been terminated.
The statement has been terminated.
The statement has been terminated.
The statement has been terminated.
The statement has been terminated.
The statement has been terminated.
The statement has been terminated.
The statement has been terminated.
The statement has been terminated.
The statement has been terminated.
The statement has been terminated.
The statement has been terminated.
The statement has been terminated.
The statement has been terminated.
The statement has been terminated.
The statement has been terminated.
The statement has been terminated.
The statement has been terminated.
The statement has been terminated.
The statement has been terminated.
The statement has been terminated.
The statement has been terminated.
The statement has been terminated.
The statement has been terminated.
The statement has been terminated.
The statement has been terminated.
The statement has been terminated.
The statement has been terminated.
The statement has been terminated.
The statement has been terminated.
The statement has been terminated.
The statement has been terminated.
The statement has been terminated.
The statement has been terminated.
The statement has been terminated.
The statement has been terminated.
The statement has been terminated.
The statement has been terminated.
The statement has been terminated.
The statement has been terminated.
The statement has been terminated.
The statement has been terminated.
The statement has been terminated.
The statement has been terminated.
The statement has been terminated.
The statement has been terminated.
The statement has been terminated.
The statement has been terminated.
The statement has been terminated.
The statement has been terminated.
The statement has been terminated.
The statement has been terminated.
The statement has been terminated.
The statement has been terminated.
The statement has been terminated.
The statement has been terminated.
The statement has been terminated.
The statement has been terminated.
The statement has been terminated.
The statement has been terminated.
The statement has been terminated.
The statement has been terminated.
The statement has been terminated.
The statement has been terminated.
The statement has been terminated.
The statement has been terminated.
The statement has been terminated.
The statement has been terminated.
The statement has been terminated.
The statement has been terminated.
The statement has been terminated.
The statement has been terminated.
The statement has been terminated.
The statement has been terminated.
The statement has been terminated.
The statement has been terminated.
The statement has been terminated.
The statement has been terminated.
The statement has been terminated.
The statement has been terminated.
The statement has been terminated.
The statement has been terminated.
The statement has been terminated.
The statement has been terminated.
The statement has been terminated.
The statement has been terminated.
The statement has been terminated.
The statement has been terminated.
The statement has been terminated.
The statement has been terminated.
The statement has been terminated.
The statement has been terminated.
The statement has been terminated.
The statement has been terminated.
The statement has been terminated.
The statement has been terminated.
The statement has been terminated.
The statement has been terminated.
The statement has been terminated.
The statement has been terminated.
The statement has been terminated.
The statement has been terminated.
The statement has been terminated.
The statement has been terminated.
The statement has been terminated.
The statement has been terminated.
The statement has been terminated.
The statement has been terminated.
The statement has been terminated.
The statement has been terminated.
The statement has been terminated.
The statement has been terminated.
The statement has been terminated.
The statement has been terminated.
The statement has been terminated.
The statement has been terminated.
The statement has been terminated.
The statement has been terminated.
The statement has been terminated.
The statement has been terminated.
The statement has been terminated.
The statement has been terminated.
The statement has been terminated.
The statement has been terminated.
The statement has been terminated.
The statement has been terminated.
The statement has been terminated.
The statement has been terminated.
The statement has been terminated.
The statement has been terminated.
The statement has been terminated.
The statement has been terminated.
The statement has been terminated.
The statement has been terminated.
The statement has been terminated.
The statement has been terminated.
The statement has been terminated.
The statement has been terminated.
The statement has been terminated.
The statement has been terminated.
The statement has been terminated.
The statement has been terminated.
The statement has been terminated.
The statement has been terminated.
The statement has been terminated.
The statement has been terminated.
The statement has been terminated.
The statement has been terminated.
The statement has been terminated.
The statement has been terminated.
The statement has been terminated.
The statement has been terminated.
The statement has been terminated.
The statement has been terminated.
The statement has been terminated.
The statement has been terminated.
The statement has been terminated.
The statement has been terminated.
The statement has been terminated.
The statement has been terminated.
The statement has been terminated.
The statement has been terminated.
The statement has been terminated.
The statement has been terminated.
The statement has been terminated.
The statement has been terminated.
The statement has been terminated.
The statement has been terminated.
The statement has been terminated.
The statement has been terminated.
The statement has been terminated.
The statement has been terminated.
The statement has been terminated.
The statement has been terminated.
The statement has been terminated.
The statement has been terminated.
The statement has been terminated.
The statement has been terminated.
The statement has been terminated.
The statement has been terminated.
The statement has been terminated.
The statement has been terminated.
The statement has been terminated.
The statement has been terminated.
The statement has been terminated.
The statement has been terminated.
The statement has been terminated.
The statement has been terminated.
The statement has been terminated.
The statement has been terminated.
The statement has been terminated.
The statement has been terminated.
The statement has been terminated.
The statement has been terminated.
The statement has been terminated.
The statement has been terminated.
The statement has been terminated.
The statement has been terminated.
The statement has been terminated.
The statement has been terminated.
The statement has been terminated.
The statement has been terminated.
The statement has been terminated.
The statement has been terminated.
The statement has been terminated.
The statement has been terminated.
The statement has been terminated.
The statement has been terminated.
The statement has been terminated.
The statement has been terminated.
The statement has been terminated.
The statement has been terminated.
The statement has been terminated.
The statement has been terminated.
The statement has been terminated.
The statement has been terminated.
The statement has been terminated.
The statement has been terminated.
The statement has been terminated.
The statement has been terminated.
The statement has been terminated.
The statement has been terminated.
The statement has been terminated.
The statement has been terminated.
The statement has been terminated.
The statement has been terminated.
The statement has been terminated.
The statement has been terminated.
The statement has been terminated.
The statement has been terminated.
The statement has been terminated.
The statement has been terminated.
The statement has been terminated.
The statement has been terminated.
The statement has been terminated.
The statement has been terminated.
The statement has been terminated.
The statement has been terminated.
The statement has been terminated.
The statement has been terminated.
The statement has been terminated.
The statement has been terminated.
The statement has been terminated.
The statement has been terminated.
The statement has been terminated.
The statement has been terminated.
The statement has been terminated.
The statement has been terminated.
The statement has been terminated.
The statement has been terminated.
The statement has been terminated.
The statement has been terminated.
The statement has been terminated.
The statement has been terminated.
The statement has been terminated.
The statement has been terminated.
The statement has been terminated.
The statement has been terminated.
The statement has been terminated.
The statement has been terminated.
The statement has been terminated.
The statement has been terminated.
The statement has been terminated.
The statement has been terminated.
The statement has been terminated.
The statement has been terminated.
The statement has been terminated.
The statement has been terminated.
The statement has been terminated.
The statement has been terminated.
The statement has been terminated.
The statement has been terminated.
The statement has been terminated.
The statement has been terminated.
The statement has been terminated.
The statement has been terminated.
The statement has been terminated.
The statement has been terminated.
The statement has been terminated.
The statement has been terminated.
The statement has been terminated.
The statement has been terminated.
The statement has been terminated.
The statement has been terminated.
The statement has been terminated.
The statement has been terminated.
The statement has been terminated.
The statement has been terminated.
The statement has been terminated.
The statement has been terminated.
The statement has been terminated.
The statement has been terminated.
The statement has been terminated.
The statement has been terminated.
The statement has been terminated.
The statement has been terminated.
The statement has been terminated.
The statement has been terminated.
The statement has been terminated.
The statement has been terminated.
The statement has been terminated.
The statement has been terminated.
The statement has been terminated.
The statement has been terminated.
The statement has been terminated.
The statement has been terminated.
The statement has been terminated.
The statement has been terminated.
The statement has been terminated.
The statement has been terminated.
The statement has been terminated.
The statement has been terminated.
The statement has been terminated.
The statement has been terminated.
The statement has been terminated.
The statement has been terminated.
The statement has been terminated.
The statement has been terminated.
The statement has been terminated.
The statement has been terminated.
The statement has been terminated.
The statement has been terminated.
The statement has been terminated.
The statement has been terminated.
The statement has been terminated.
The statement has been terminated.
The statement has been terminated.
The statement has been terminated.
The statement has been terminated.
The statement has been terminated.
The statement has been terminated.
The statement has been terminated.
The statement has been terminated.
The statement has been terminated.
The statement has been terminated.
The statement has been terminated.
The statement has been terminated.
The statement has been terminated.
The statement has been terminated.
The statement has been terminated.
The statement has been terminated.
The statement has been terminated.
The statement has been terminated.
The statement has been terminated.
The statement has been terminated.
The statement has been terminated.
The statement has been terminated.
The statement has been terminated.
The statement has been terminated.
The statement has been terminated.
The statement has been terminated.
The statement has been terminated.
The statement has been terminated.
The statement has been terminated.
The statement has been terminated.
The statement has been terminated.
The statement has been terminated.
The statement has been terminated.
The statement has been terminated.
The statement has been terminated.
The statement has been terminated.
The statement has been terminated.
The statement has been terminated.
The statement has been terminated.
The statement has been terminated.
The statement has been terminated.
The statement has been terminated.
The statement has been terminated.
The statement has been terminated.
The statement has been terminated.
The statement has been terminated.
The statement has been terminated.
The statement has been terminated.
The statement has been terminated.
The statement has been terminated.
The statement has been terminated.
The statement has been terminated.
The statement has been terminated.
The statement has been terminated.
The statement has been terminated.
The statement has been terminated.
The statement has been terminated.
The statement has been terminated.
The statement has been terminated.
The statement has been terminated.
The statement has been terminated.
The statement has been terminated.
The statement has been terminated.
The statement has been terminated.
The statement has been terminated.
The statement has been terminated.
The statement has been terminated.
The statement has been terminated.
The statement has been terminated.
The statement has been terminated.
The statement has been terminated.
The statement has been terminated.
The statement has been terminated.
The statement has been terminated.
The statement has been terminated.
The statement has been terminated.
The statement has been terminated.
The statement has been terminated.
The statement has been terminated.
The statement has been terminated.
The statement has been terminated.
The statement has been terminated.
The statement has been terminated.
The statement has been terminated.
The statement has been terminated.
The statement has been terminated.
The statement has been terminated.
The statement has been terminated.
The statement has been terminated.
The statement has been terminated.
The statement has been terminated.
The statement has been terminated.
The statement has been terminated.
The statement has been terminated.
The statement has been terminated.
The statement has been terminated.
The statement has been terminated.
The statement has been terminated.
The statement has been terminated.
The statement has been terminated.
The statement has been terminated.
The statement has been terminated.
The statement has been terminated.
The statement has been terminated.
The statement has been terminated.
The statement has been terminated.
The statement has been terminated.
The statement has been terminated.
The statement has been terminated.
The statement has been terminated.
The statement has been terminated.
The statement has been terminated.
The statement has been terminated.
The statement has been terminated.
The statement has been terminated.
The statement has been terminated.
The statement has been terminated.
The statement has been terminated.
The statement has been terminated.
The statement has been terminated.
The statement has been terminated.
The statement has been terminated.
The statement has been terminated.
The statement has been terminated.
The statement has been terminated.
The statement has been terminated.
The statement has been terminated.
The statement has been terminated.
The statement has been terminated.
The statement has been terminated.
The statement has been terminated.
The statement has been terminated.
The statement has been terminated.
The statement has been terminated.
The statement has been terminated.
The statement has been terminated.
The statement has been terminated.
The statement has been terminated.
The statement has been terminated.
The statement has been terminated.
The statement has been terminated.
The statement has been terminated.
The statement has been terminated.
The statement has been terminated.
The statement has been terminated.
The statement has been terminated.
The statement has been terminated.
The statement has been terminated.
The statement has been terminated.
The statement has been terminated.
The statement has been terminated.
The statement has been terminated.
The statement has been terminated.
The statement has been terminated.
The statement has been terminated.
The statement has been terminated.
The statement has been terminated.
The statement has been terminated.&amp;apos;, name : &amp;apos;System.Data.SqlClient.SqlException&amp;apos; } to be undefined.
    at new jasmine.ExpectationResult (D:\progetti\jsMetaBackend\node_modules\jasmine-node\lib\jasmine-node/jasmine-1.3.1.js:114:32)
    at matchersClass.toBeUndefined (D:\progetti\jsMetaBackend\node_modules\jasmine-node\lib\jasmine-node/jasmine-1.3.1.js:1316:29)
    at Object.&amp;lt;anonymous&amp;gt; (D:\progetti\jsMetaBackend\test\spec\jsSqlServerDriverSpec.js:107:33)
    at fire (D:\progetti\jsMetaBackend\node_modules\JQDeferred\lib\jquery-deferred.js:212:30)
    at Object.fireWith [as rejectWith] (D:\progetti\jsMetaBackend\node_modules\JQDeferred\lib\jquery-deferred.js:324:7)
    at Object.deferred.&amp;lt;computed&amp;gt; [as reject] (D:\progetti\jsMetaBackend\node_modules\JQDeferred\lib\jquery-deferred.js:73:33)
    at Object.&amp;lt;anonymous&amp;gt; (D:\progetti\jsMetaBackend\src\edge-sql.js:433:9)
    at fire (D:\progetti\jsMetaBackend\node_modules\JQDeferred\lib\jquery-deferred.js:212:30)
    at Object.fireWith [as rejectWith] (D:\progetti\jsMetaBackend\node_modules\JQDeferred\lib\jquery-deferred.js:324:7)
    at Object.deferred.&amp;lt;computed&amp;gt; [as reject] (D:\progetti\jsMetaBackend\node_modules\JQDeferred\lib\jquery-deferred.js:73:33)
    at D:\progetti\jsMetaBackend\src\edge-sql.js:244:8
</failure></testcase>
</testsuite>